2026-03-24 12:30:04,950 [INFO] ✅ Capital.com session created
2026-03-24 12:30:04,951 [INFO] ✅ Daily risk counters reset
2026-03-24 12:30:04,952 [INFO] ✅ Weekly risk counters reset
2026-03-24 12:30:04,952 [INFO] No state file found — starting fresh
2026-03-24 12:30:04,952 [INFO] ✅ XAUUSDBot initialized — 3 strategies loaded
2026-03-24 12:30:04,952 [INFO]    S1: Asian Range Breakout | S2: Goldmine | S3: Silver Bullet
2026-03-24 12:30:04,953 [INFO] 🚀 XAUUSD Bot started — monitoring 3 strategies
2026-03-24 12:30:04,953 [INFO]    Trading days: Tue/Wed/Thu | Session: 1:30 PM – 1:30 AM IST
2026-03-24 12:30:04,953 [INFO] EOD watchdog + supervisor started
2026-03-24 12:30:04,956 [INFO] [31m[1mWARNING: This is a development server. Do not use it in a production deployment. Use a production WSGI server instead.[0m
 * Running on all addresses (0.0.0.0)
 * Running on http://127.0.0.1:5051
 * Running on http://10.1.0.48:5051
2026-03-24 12:30:04,956 [INFO] [33mPress CTRL+C to quit[0m
2026-03-24 12:30:07,877 [WARNING] News calendar fetch failed: 404 Client Error: Not Found for url: https://api.twelvedata.com/economic_calendar?apikey=7f583a715cb14117826f85541da23fdf&start_date=2026-03-24&end_date=2026-03-24&importance=high — trading allowed
2026-03-24 12:30:07,878 [INFO] 📰 News calendar refreshed — 0 events today
2026-03-24 12:30:08,349 [INFO] S1: Asian range built | High=4467.07 Low=4305.70 Range=$161.37
2026-03-24 12:31:11,699 [INFO] S1: Asian range built | High=4467.07 Low=4305.70 Range=$161.37
2026-03-24 12:32:14,886 [INFO] S1: Asian range built | High=4467.07 Low=4305.70 Range=$161.37
2026-03-24 12:33:18,092 [INFO] S1: Asian range built | High=4467.07 Low=4305.70 Range=$161.37
2026-03-24 12:34:21,293 [INFO] S1: Asian range built | High=4467.07 Low=4305.70 Range=$161.37
2026-03-24 12:35:24,507 [INFO] S1: Asian range built | High=4467.07 Low=4305.70 Range=$161.37
2026-03-24 12:36:27,644 [INFO] S1: Asian range built | High=4467.07 Low=4305.70 Range=$161.37
2026-03-24 12:37:30,858 [INFO] S1: Asian range built | High=4467.07 Low=4305.70 Range=$161.37
2026-03-24 12:38:34,024 [INFO] S1: Asian range built | High=4467.07 Low=4305.70 Range=$161.37
2026-03-24 12:39:37,190 [INFO] S1: Asian range built | High=4467.07 Low=4305.70 Range=$161.37
2026-03-24 12:40:40,293 [INFO] S1: Asian range built | High=4467.07 Low=4305.70 Range=$161.37
2026-03-24 12:41:43,496 [INFO] S1: Asian range built | High=4467.07 Low=4305.70 Range=$161.37
2026-03-24 12:42:46,675 [INFO] S1: Asian range built | High=4467.07 Low=4305.70 Range=$161.37
2026-03-24 12:43:49,829 [INFO] S1: Asian range built | High=4467.07 Low=4305.70 Range=$161.37
2026-03-24 12:44:53,052 [INFO] S1: Asian range built | High=4467.07 Low=4305.70 Range=$161.37
2026-03-24 12:45:56,228 [INFO] S1: Asian range built | High=4467.07 Low=4305.70 Range=$161.37
2026-03-24 12:46:59,406 [INFO] S1: Asian range built | High=4467.07 Low=4305.70 Range=$161.37
2026-03-24 12:48:02,909 [INFO] S1: Asian range built | High=4467.07 Low=4305.70 Range=$161.37
2026-03-24 12:49:06,076 [INFO] S1: Asian range built | High=4467.07 Low=4305.70 Range=$161.37
2026-03-24 12:50:09,259 [INFO] S1: Asian range built | High=4467.07 Low=4305.70 Range=$161.37
2026-03-24 12:51:12,471 [INFO] S1: Asian range built | High=4467.07 Low=4305.70 Range=$161.37
2026-03-24 12:52:15,665 [INFO] S1: Asian range built | High=4467.07 Low=4305.70 Range=$161.37
2026-03-24 12:53:18,873 [INFO] S1: Asian range built | High=4467.07 Low=4305.70 Range=$161.37
2026-03-24 12:54:21,999 [INFO] S1: Asian range built | High=4467.07 Low=4305.70 Range=$161.37
2026-03-24 12:55:25,123 [INFO] S1: Asian range built | High=4467.07 Low=4305.70 Range=$161.37
2026-03-24 12:56:28,257 [INFO] S1: Asian range built | High=4467.07 Low=4305.70 Range=$161.37
2026-03-24 12:57:31,540 [INFO] S1: Asian range built | High=4467.07 Low=4305.70 Range=$161.37
2026-03-24 12:58:34,764 [INFO] S1: Asian range built | High=4467.07 Low=4305.70 Range=$161.37
2026-03-24 12:59:37,966 [INFO] S1: Asian range built | High=4467.07 Low=4305.70 Range=$161.37
2026-03-24 13:00:41,127 [INFO] S1: Asian range built | High=4467.07 Low=4305.70 Range=$161.37
2026-03-24 13:01:44,844 [INFO] S1: Asian range built | High=4467.07 Low=4305.70 Range=$161.37
2026-03-24 13:02:48,066 [INFO] S1: Asian range built | High=4467.07 Low=4305.70 Range=$161.37
2026-03-24 13:03:51,251 [INFO] S1: Asian range built | High=4467.07 Low=4305.70 Range=$161.37
2026-03-24 13:04:54,386 [INFO] S1: Asian range built | High=4467.07 Low=4305.70 Range=$161.37
2026-03-24 13:05:57,541 [INFO] S1: Asian range built | High=4467.07 Low=4305.70 Range=$161.37
2026-03-24 13:07:00,775 [INFO] S1: Asian range built | High=4467.07 Low=4305.70 Range=$161.37
2026-03-24 13:08:03,941 [INFO] S1: Asian range built | High=4467.07 Low=4305.70 Range=$161.37
2026-03-24 13:09:07,106 [INFO] S1: Asian range built | High=4467.07 Low=4305.70 Range=$161.37
2026-03-24 13:10:10,269 [INFO] S1: Asian range built | High=4467.07 Low=4305.70 Range=$161.37
2026-03-24 13:11:13,433 [INFO] S1: Asian range built | High=4467.07 Low=4305.70 Range=$161.37
2026-03-24 13:12:16,638 [INFO] S1: Asian range built | High=4467.07 Low=4305.70 Range=$161.37
2026-03-24 13:13:19,868 [INFO] S1: Asian range built | High=4467.07 Low=4305.70 Range=$161.37
2026-03-24 13:14:23,237 [INFO] S1: Asian range built | High=4467.07 Low=4305.70 Range=$161.37
2026-03-24 13:15:26,354 [INFO] S1: Asian range built | High=4467.07 Low=4305.70 Range=$161.37
2026-03-24 13:16:29,542 [INFO] S1: Asian range built | High=4467.07 Low=4305.70 Range=$161.37
2026-03-24 13:17:32,717 [INFO] S1: Asian range built | High=4467.07 Low=4305.70 Range=$161.37
2026-03-24 13:18:36,045 [INFO] S1: Asian range built | High=4467.07 Low=4305.70 Range=$161.37
2026-03-24 13:19:39,223 [INFO] S1: Asian range built | High=4467.07 Low=4305.70 Range=$161.37
2026-03-24 13:20:42,452 [INFO] S1: Asian range built | High=4467.07 Low=4305.70 Range=$161.37
2026-03-24 13:21:45,665 [INFO] S1: Asian range built | High=4467.07 Low=4305.70 Range=$161.37
2026-03-24 13:22:48,824 [INFO] S1: Asian range built | High=4467.07 Low=4305.70 Range=$161.37
2026-03-24 13:23:52,045 [INFO] S1: Asian range built | High=4467.07 Low=4305.70 Range=$161.37
2026-03-24 13:24:55,239 [INFO] S1: Asian range built | High=4467.07 Low=4305.70 Range=$161.37
2026-03-24 13:25:58,386 [INFO] S1: Asian range built | High=4467.07 Low=4305.70 Range=$161.37
2026-03-24 13:27:01,575 [INFO] S1: Asian range built | High=4467.07 Low=4305.70 Range=$161.37
2026-03-24 13:28:04,947 [INFO] S1: Asian range built | High=4467.07 Low=4305.70 Range=$161.37
2026-03-24 13:29:08,139 [INFO] S1: Asian range built | High=4467.07 Low=4305.70 Range=$161.37
2026-03-24 13:30:10,917 [WARNING] News calendar fetch failed: 404 Client Error: Not Found for url: https://api.twelvedata.com/economic_calendar?apikey=7f583a715cb14117826f85541da23fdf&start_date=2026-03-24&end_date=2026-03-24&importance=high — trading allowed
2026-03-24 13:30:10,918 [INFO] 📰 News calendar refreshed — 0 events today
2026-03-24 13:30:10,950 [WARNING] News calendar fetch failed: 404 Client Error: Not Found for url: https://api.twelvedata.com/economic_calendar?apikey=7f583a715cb14117826f85541da23fdf&start_date=2026-03-24&end_date=2026-03-24&importance=high — trading allowed
2026-03-24 13:30:10,951 [INFO] 📰 News calendar refreshed — 0 events today
2026-03-24 13:30:11,419 [INFO] S1: Asian range built | High=4467.07 Low=4305.70 Range=$161.37
2026-03-24 13:31:14,554 [INFO] S1: Asian range built | High=4467.07 Low=4305.70 Range=$161.37
2026-03-24 13:32:17,724 [INFO] S1: Asian range built | High=4467.07 Low=4305.70 Range=$161.37
2026-03-24 13:33:20,941 [INFO] S1: Asian range built | High=4467.07 Low=4305.70 Range=$161.37
2026-03-24 13:34:24,129 [INFO] S1: Asian range built | High=4467.07 Low=4305.70 Range=$161.37
2026-03-24 13:35:27,308 [INFO] S1: Asian range built | High=4467.07 Low=4305.70 Range=$161.37
2026-03-24 13:36:30,541 [INFO] S1: Asian range built | High=4467.07 Low=4305.70 Range=$161.37
2026-03-24 13:37:33,751 [INFO] S1: Asian range built | High=4467.07 Low=4305.70 Range=$161.37
2026-03-24 13:38:36,986 [INFO] S1: Asian range built | High=4467.07 Low=4305.70 Range=$161.37
2026-03-24 13:39:40,177 [INFO] S1: Asian range built | High=4467.07 Low=4305.70 Range=$161.37
2026-03-24 13:40:43,550 [INFO] S1: Asian range built | High=4467.07 Low=4305.70 Range=$161.37
2026-03-24 13:41:46,779 [INFO] S1: Asian range built | High=4467.07 Low=4305.70 Range=$161.37
2026-03-24 13:42:49,993 [INFO] S1: Asian range built | High=4467.07 Low=4305.70 Range=$161.37
2026-03-24 13:43:53,181 [INFO] S1: Asian range built | High=4467.07 Low=4305.70 Range=$161.37
2026-03-24 13:44:56,550 [INFO] S1: Asian range built | High=4467.07 Low=4305.70 Range=$161.37
2026-03-24 13:45:59,724 [INFO] S1: Asian range built | High=4467.07 Low=4305.70 Range=$161.37
2026-03-24 13:47:02,927 [INFO] S1: Asian range built | High=4467.07 Low=4305.70 Range=$161.37
2026-03-24 13:48:06,113 [INFO] S1: Asian range built | High=4467.07 Low=4305.70 Range=$161.37
2026-03-24 13:49:09,323 [INFO] S1: Asian range built | High=4467.07 Low=4305.70 Range=$161.37
2026-03-24 13:50:12,534 [INFO] S1: Asian range built | High=4467.07 Low=4305.70 Range=$161.37
2026-03-24 13:51:15,714 [INFO] S1: Asian range built | High=4467.07 Low=4305.70 Range=$161.37
2026-03-24 13:52:18,862 [INFO] S1: Asian range built | High=4467.07 Low=4305.70 Range=$161.37
2026-03-24 13:53:22,208 [INFO] S1: Asian range built | High=4467.07 Low=4305.70 Range=$161.37
2026-03-24 13:54:25,422 [INFO] S1: Asian range built | High=4467.07 Low=4305.70 Range=$161.37
2026-03-24 13:55:28,581 [INFO] S1: Asian range built | High=4467.07 Low=4305.70 Range=$161.37
2026-03-24 13:56:31,747 [INFO] S1: Asian range built | High=4467.07 Low=4305.70 Range=$161.37
2026-03-24 13:57:34,936 [INFO] S1: Asian range built | High=4467.07 Low=4305.70 Range=$161.37
2026-03-24 13:58:38,418 [INFO] S1: Asian range built | High=4467.07 Low=4305.70 Range=$161.37
2026-03-24 13:59:41,690 [INFO] S1: Asian range built | High=4467.07 Low=4305.70 Range=$161.37
2026-03-24 14:00:44,849 [INFO] S1: Asian range built | High=4467.07 Low=4305.70 Range=$161.37
2026-03-24 14:01:48,031 [INFO] S1: Asian range built | High=4467.07 Low=4305.70 Range=$161.37
2026-03-24 14:02:51,248 [INFO] S1: Asian range built | High=4467.07 Low=4305.70 Range=$161.37
2026-03-24 14:03:54,451 [INFO] S1: Asian range built | High=4467.07 Low=4305.70 Range=$161.37
2026-03-24 14:04:57,690 [INFO] S1: Asian range built | High=4467.07 Low=4305.70 Range=$161.37
2026-03-24 14:06:00,881 [INFO] S1: Asian range built | High=4467.07 Low=4305.70 Range=$161.37
2026-03-24 14:07:04,030 [INFO] S1: Asian range built | High=4467.07 Low=4305.70 Range=$161.37
2026-03-24 14:08:07,284 [INFO] S1: Asian range built | High=4467.07 Low=4305.70 Range=$161.37
2026-03-24 14:09:10,488 [INFO] S1: Asian range built | High=4467.07 Low=4305.70 Range=$161.37
2026-03-24 14:10:13,658 [INFO] S1: Asian range built | High=4467.07 Low=4305.70 Range=$161.37
2026-03-24 14:11:16,794 [INFO] S1: Asian range built | High=4467.07 Low=4305.70 Range=$161.37
2026-03-24 14:12:20,011 [INFO] S1: Asian range built | High=4467.07 Low=4305.70 Range=$161.37
2026-03-24 14:13:23,193 [INFO] S1: Asian range built | High=4467.07 Low=4305.70 Range=$161.37
2026-03-24 14:14:26,408 [INFO] S1: Asian range built | High=4467.07 Low=4305.70 Range=$161.37
2026-03-24 14:15:29,609 [INFO] S1: Asian range built | High=4467.07 Low=4305.70 Range=$161.37
2026-03-24 14:16:32,821 [INFO] S1: Asian range built | High=4467.07 Low=4305.70 Range=$161.37
2026-03-24 14:17:36,026 [INFO] S1: Asian range built | High=4467.07 Low=4305.70 Range=$161.37
2026-03-24 14:18:39,272 [INFO] S1: Asian range built | High=4467.07 Low=4305.70 Range=$161.37
2026-03-24 14:19:42,472 [INFO] S1: Asian range built | High=4467.07 Low=4305.70 Range=$161.37
2026-03-24 14:20:45,638 [INFO] S1: Asian range built | High=4467.07 Low=4305.70 Range=$161.37
2026-03-24 14:21:48,818 [INFO] S1: Asian range built | High=4467.07 Low=4305.70 Range=$161.37
2026-03-24 14:22:51,996 [INFO] S1: Asian range built | High=4467.07 Low=4305.70 Range=$161.37
2026-03-24 14:23:55,237 [INFO] S1: Asian range built | High=4467.07 Low=4305.70 Range=$161.37
2026-03-24 14:24:58,394 [INFO] S1: Asian range built | High=4467.07 Low=4305.70 Range=$161.37
2026-03-24 14:26:01,640 [INFO] S1: Asian range built | High=4467.07 Low=4305.70 Range=$161.37
2026-03-24 14:27:04,870 [INFO] S1: Asian range built | High=4467.07 Low=4305.70 Range=$161.37
2026-03-24 14:28:08,108 [INFO] S1: Asian range built | High=4467.07 Low=4305.70 Range=$161.37
2026-03-24 14:29:11,305 [INFO] S1: Asian range built | High=4467.07 Low=4305.70 Range=$161.37
2026-03-24 14:30:12,889 [WARNING] News calendar fetch failed: 404 Client Error: Not Found for url: https://api.twelvedata.com/economic_calendar?apikey=7f583a715cb14117826f85541da23fdf&start_date=2026-03-24&end_date=2026-03-24&importance=high — trading allowed
2026-03-24 14:30:12,889 [INFO] 📰 News calendar refreshed — 0 events today
2026-03-24 14:30:14,493 [INFO] S1: Asian range built | High=4467.07 Low=4305.70 Range=$161.37
2026-03-24 14:31:17,717 [INFO] S1: Asian range built | High=4467.07 Low=4305.70 Range=$161.37
2026-03-24 14:32:20,967 [INFO] S1: Asian range built | High=4467.07 Low=4305.70 Range=$161.37
2026-03-24 14:33:24,169 [INFO] S1: Asian range built | High=4467.07 Low=4305.70 Range=$161.37
2026-03-24 14:34:27,346 [INFO] S1: Asian range built | High=4467.07 Low=4305.70 Range=$161.37
2026-03-24 14:35:30,513 [INFO] S1: Asian range built | High=4467.07 Low=4305.70 Range=$161.37
2026-03-24 14:36:33,711 [INFO] S1: Asian range built | High=4467.07 Low=4305.70 Range=$161.37
2026-03-24 14:37:36,879 [INFO] S1: Asian range built | High=4467.07 Low=4305.70 Range=$161.37
2026-03-24 14:38:40,137 [INFO] S1: Asian range built | High=4467.07 Low=4305.70 Range=$161.37
2026-03-24 14:39:43,342 [INFO] S1: Asian range built | High=4467.07 Low=4305.70 Range=$161.37
2026-03-24 14:40:46,932 [INFO] S1: Asian range built | High=4467.07 Low=4305.70 Range=$161.37
2026-03-24 14:41:50,123 [INFO] S1: Asian range built | High=4467.07 Low=4305.70 Range=$161.37
2026-03-24 14:42:53,272 [INFO] S1: Asian range built | High=4467.07 Low=4305.70 Range=$161.37
2026-03-24 14:43:56,461 [INFO] S1: Asian range built | High=4467.07 Low=4305.70 Range=$161.37
2026-03-24 14:44:59,633 [INFO] S1: Asian range built | High=4467.07 Low=4305.70 Range=$161.37
2026-03-24 14:46:03,024 [INFO] S1: Asian range built | High=4467.07 Low=4305.70 Range=$161.37
2026-03-24 14:47:06,204 [INFO] S1: Asian range built | High=4467.07 Low=4305.70 Range=$161.37
2026-03-24 14:48:09,404 [INFO] S1: Asian range built | High=4467.07 Low=4305.70 Range=$161.37
2026-03-24 14:49:12,594 [INFO] S1: Asian range built | High=4467.07 Low=4305.70 Range=$161.37
2026-03-24 14:50:15,783 [INFO] S1: Asian range built | High=4467.07 Low=4305.70 Range=$161.37
2026-03-24 14:51:18,972 [INFO] S1: Asian range built | High=4467.07 Low=4305.70 Range=$161.37
2026-03-24 14:52:22,189 [INFO] S1: Asian range built | High=4467.07 Low=4305.70 Range=$161.37
2026-03-24 14:53:25,441 [INFO] S1: Asian range built | High=4467.07 Low=4305.70 Range=$161.37
2026-03-24 14:54:28,615 [INFO] S1: Asian range built | High=4467.07 Low=4305.70 Range=$161.37
2026-03-24 14:55:31,781 [INFO] S1: Asian range built | High=4467.07 Low=4305.70 Range=$161.37
2026-03-24 14:56:35,038 [INFO] S1: Asian range built | High=4467.07 Low=4305.70 Range=$161.37
2026-03-24 14:57:38,227 [INFO] S1: Asian range built | High=4467.07 Low=4305.70 Range=$161.37
2026-03-24 14:58:41,364 [INFO] S1: Asian range built | High=4467.07 Low=4305.70 Range=$161.37
2026-03-24 14:59:44,521 [INFO] S1: Asian range built | High=4467.07 Low=4305.70 Range=$161.37
2026-03-24 15:00:47,764 [INFO] S1: Asian range built | High=4458.85 Low=4306.93 Range=$151.92
2026-03-24 15:01:50,978 [INFO] S1: Asian range built | High=4458.85 Low=4306.93 Range=$151.92
2026-03-24 15:02:54,104 [INFO] S1: Asian range built | High=4458.85 Low=4306.93 Range=$151.92
2026-03-24 15:03:57,270 [INFO] S1: Asian range built | High=4458.85 Low=4306.93 Range=$151.92
2026-03-24 15:05:00,482 [INFO] S1: Asian range built | High=4458.85 Low=4306.93 Range=$151.92
2026-03-24 15:06:03,696 [INFO] S1: Asian range built | High=4467.07 Low=4305.70 Range=$161.37
2026-03-24 15:07:06,857 [INFO] S1: Asian range built | High=4467.07 Low=4305.70 Range=$161.37
2026-03-24 15:08:10,048 [INFO] S1: Asian range built | High=4467.07 Low=4305.70 Range=$161.37
2026-03-24 15:09:13,206 [INFO] S1: Asian range built | High=4467.07 Low=4305.70 Range=$161.37
2026-03-24 15:10:16,682 [INFO] S1: Asian range built | High=4467.07 Low=4305.70 Range=$161.37
2026-03-24 15:11:19,956 [INFO] S1: Asian range built | High=4467.07 Low=4305.70 Range=$161.37
2026-03-24 15:12:23,182 [INFO] S1: Asian range built | High=4467.07 Low=4305.70 Range=$161.37
2026-03-24 15:13:26,481 [INFO] S1: Asian range built | High=4467.07 Low=4305.70 Range=$161.37
2026-03-24 15:14:29,644 [INFO] S1: Asian range built | High=4467.07 Low=4305.70 Range=$161.37
2026-03-24 15:15:32,855 [INFO] S1: Asian range built | High=4467.07 Low=4305.70 Range=$161.37
2026-03-24 15:15:32,856 [INFO] 🎯 SIGNAL: S3_Silver_Bullet BUY | Silver Bullet: Bullish FVG retest in NY_AM window
2026-03-24 15:15:32,856 [INFO]   Position size: equity=$51194 risk=$512 ATR=25.17 → 10.0oz
2026-03-24 15:15:33,356 [INFO] ✅ TRADE OPENED | BUY 10.0oz XAUUSD | SL=4374.69 TP=4487.94 | S3_Silver_Bullet
2026-03-24 15:15:33,356 [INFO] ✅ TRADE OPENED | S3_Silver_Bullet BUY 10.0oz @ $4412.44 | SL=$4374.69 TP1=$4469.07 TP2=$4487.94
2026-03-24 15:30:15,666 [WARNING] News calendar fetch failed: 404 Client Error: Not Found for url: https://api.twelvedata.com/economic_calendar?apikey=7f583a715cb14117826f85541da23fdf&start_date=2026-03-24&end_date=2026-03-24&importance=high — trading allowed
2026-03-24 15:30:15,667 [INFO] 📰 News calendar refreshed — 0 events today
2026-03-24 16:30:18,801 [WARNING] News calendar fetch failed: 404 Client Error: Not Found for url: https://api.twelvedata.com/economic_calendar?apikey=7f583a715cb14117826f85541da23fdf&start_date=2026-03-24&end_date=2026-03-24&importance=high — trading allowed
2026-03-24 16:30:18,802 [INFO] 📰 News calendar refreshed — 0 events today
2026-03-24 17:30:20,819 [WARNING] News calendar fetch failed: 404 Client Error: Not Found for url: https://api.twelvedata.com/economic_calendar?apikey=7f583a715cb14117826f85541da23fdf&start_date=2026-03-24&end_date=2026-03-24&importance=high — trading allowed
2026-03-24 17:30:20,820 [INFO] 📰 News calendar refreshed — 0 events today
2026-03-24 17:45:08,785 [INFO] Trade recorded | PnL=$-34575.05 | Daily=1 | Daily PnL=$-34575.05
2026-03-24 17:45:09,001 [INFO] ✅ XAUUSD Excel workbook created: xauusd_trades.xlsx
2026-03-24 17:45:09,030 [INFO] Excel ✅ S3_Silver_Bullet BUY | net=$-34575.05 | result=LOSS
2026-03-24 17:45:09,031 [INFO] 📊 TRADE CLOSED | S3_Silver_Bullet BUY | Exit=$4377.86 | PnL=$-34575.05 | LOSS
2026-03-24 17:46:12,219 [INFO] ⏸ Skipping: Daily loss -67.5% — trading halted
2026-03-24 17:47:15,504 [INFO] ⏸ Skipping: Daily loss limit hit — halted for today
2026-03-24 17:48:18,679 [INFO] ⏸ Skipping: Daily loss limit hit — halted for today
2026-03-24 17:49:21,900 [INFO] ⏸ Skipping: Daily loss limit hit — halted for today
2026-03-24 17:50:25,063 [INFO] ⏸ Skipping: Daily loss limit hit — halted for today
2026-03-24 17:51:28,223 [INFO] ⏸ Skipping: Daily loss limit hit — halted for today
2026-03-24 17:52:31,422 [INFO] ⏸ Skipping: Daily loss limit hit — halted for today
2026-03-24 17:53:34,730 [INFO] ⏸ Skipping: Daily loss limit hit — halted for today
2026-03-24 17:54:37,881 [INFO] ⏸ Skipping: Daily loss limit hit — halted for today
2026-03-24 17:55:41,028 [INFO] ⏸ Skipping: Daily loss limit hit — halted for today
2026-03-24 17:56:44,150 [INFO] ⏸ Skipping: Daily loss limit hit — halted for today
2026-03-24 17:57:47,329 [INFO] ⏸ Skipping: Daily loss limit hit — halted for today
2026-03-24 17:58:50,521 [INFO] ⏸ Skipping: Daily loss limit hit — halted for today
2026-03-24 17:59:06,249 [INFO] 🔄 Session expiring — refreshing...
2026-03-24 17:59:06,851 [INFO] ✅ Capital.com session created
2026-03-24 17:59:53,803 [INFO] ⏸ Skipping: Daily loss limit hit — halted for today
2026-03-24 18:00:57,197 [INFO] ⏸ Skipping: Daily loss limit hit — halted for today
2026-03-24 18:02:00,396 [INFO] ⏸ Skipping: Daily loss limit hit — halted for today
2026-03-24 18:03:03,518 [INFO] ⏸ Skipping: Daily loss limit hit — halted for today
2026-03-24 18:04:06,687 [INFO] ⏸ Skipping: Daily loss limit hit — halted for today
2026-03-24 18:05:09,951 [INFO] ⏸ Skipping: Daily loss limit hit — halted for today
2026-03-24 18:06:13,270 [INFO] ⏸ Skipping: Daily loss limit hit — halted for today
2026-03-24 18:07:16,432 [INFO] ⏸ Skipping: Daily loss limit hit — halted for today
2026-03-24 18:08:19,596 [INFO] ⏸ Skipping: Daily loss limit hit — halted for today
2026-03-24 18:09:22,730 [INFO] ⏸ Skipping: Daily loss limit hit — halted for today
2026-03-24 18:10:25,913 [INFO] ⏸ Skipping: Daily loss limit hit — halted for today
2026-03-24 18:11:29,222 [INFO] ⏸ Skipping: Daily loss limit hit — halted for today
2026-03-24 18:12:32,402 [INFO] ⏸ Skipping: Daily loss limit hit — halted for today
2026-03-24 18:13:35,579 [INFO] ⏸ Skipping: Daily loss limit hit — halted for today
2026-03-24 18:14:38,712 [INFO] ⏸ Skipping: Daily loss limit hit — halted for today
2026-03-24 18:15:41,868 [INFO] ⏸ Skipping: Daily loss limit hit — halted for today
2026-03-24 18:16:45,066 [INFO] ⏸ Skipping: Daily loss limit hit — halted for today
2026-03-24 18:17:48,264 [INFO] ⏸ Skipping: Daily loss limit hit — halted for today
2026-03-24 18:18:51,424 [INFO] ⏸ Skipping: Daily loss limit hit — halted for today
2026-03-24 18:19:54,579 [INFO] ⏸ Skipping: Daily loss limit hit — halted for today
2026-03-25 10:34:48,737 [INFO] ✅ Capital.com session created
2026-03-25 10:34:48,738 [INFO] ✅ Daily risk counters reset
2026-03-25 10:34:48,738 [INFO] ✅ Weekly risk counters reset
2026-03-25 10:34:48,739 [INFO] ✅ State restored from xauusd_state.json (timestamp: 2026-03-24T23:49:54.579991+05:30)
2026-03-25 10:34:48,739 [INFO] ✅ XAUUSDBot initialized — 3 strategies loaded
2026-03-25 10:34:48,739 [INFO]    S1: Asian Range Breakout | S2: Goldmine | S3: Silver Bullet
2026-03-25 10:34:48,739 [INFO] 🚀 XAUUSD Bot started — monitoring 3 strategies
2026-03-25 10:34:48,739 [INFO]    Trading days: Tue/Wed/Thu | Session: 1:30 PM – 1:30 AM IST
2026-03-25 10:34:48,740 [INFO] EOD watchdog + supervisor started
2026-03-25 10:34:48,743 [INFO] [31m[1mWARNING: This is a development server. Do not use it in a production deployment. Use a production WSGI server instead.[0m
 * Running on all addresses (0.0.0.0)
 * Running on http://127.0.0.1:5051
 * Running on http://10.1.0.8:5051
2026-03-25 10:34:48,743 [INFO] [33mPress CTRL+C to quit[0m
2026-03-25 10:34:50,590 [WARNING] News calendar fetch failed: 404 Client Error: Not Found for url: https://api.twelvedata.com/economic_calendar?apikey=7f583a715cb14117826f85541da23fdf&start_date=2026-03-25&end_date=2026-03-25&importance=high — trading allowed
2026-03-25 10:34:50,590 [INFO] 📰 News calendar refreshed — 0 events today
2026-03-25 10:34:50,928 [INFO] S1: Asian range built | High=4602.68 Low=4383.98 Range=$218.70
2026-03-25 10:34:50,928 [INFO] ⏸ Asian range $218.70 too wide (max $200.0)
2026-03-25 10:35:52,801 [INFO] S1: Asian range built | High=4602.68 Low=4383.98 Range=$218.70
2026-03-25 10:35:52,802 [INFO] ⏸ Asian range $218.70 too wide (max $200.0)
2026-03-25 10:36:54,677 [INFO] S1: Asian range built | High=4602.68 Low=4383.98 Range=$218.70
2026-03-25 10:36:54,677 [INFO] ⏸ Asian range $218.70 too wide (max $200.0)
2026-03-25 10:37:56,572 [INFO] S1: Asian range built | High=4602.68 Low=4383.98 Range=$218.70
2026-03-25 10:37:56,572 [INFO] ⏸ Asian range $218.70 too wide (max $200.0)
2026-03-25 10:38:58,431 [INFO] S1: Asian range built | High=4602.68 Low=4383.98 Range=$218.70
2026-03-25 10:38:58,432 [INFO] ⏸ Asian range $218.70 too wide (max $200.0)
2026-03-25 10:40:00,304 [INFO] S1: Asian range built | High=4602.68 Low=4383.98 Range=$218.70
2026-03-25 10:40:00,304 [INFO] ⏸ Asian range $218.70 too wide (max $200.0)
2026-03-25 10:41:02,186 [INFO] S1: Asian range built | High=4602.68 Low=4383.98 Range=$218.70
2026-03-25 10:41:02,186 [INFO] ⏸ Asian range $218.70 too wide (max $200.0)
2026-03-25 10:42:04,042 [INFO] S1: Asian range built | High=4602.68 Low=4383.98 Range=$218.70
2026-03-25 10:42:04,042 [INFO] ⏸ Asian range $218.70 too wide (max $200.0)
2026-03-25 10:43:05,916 [INFO] S1: Asian range built | High=4602.68 Low=4383.98 Range=$218.70
2026-03-25 10:43:05,916 [INFO] ⏸ Asian range $218.70 too wide (max $200.0)
2026-03-25 10:44:07,800 [INFO] S1: Asian range built | High=4602.68 Low=4383.98 Range=$218.70
2026-03-25 10:44:07,801 [INFO] ⏸ Asian range $218.70 too wide (max $200.0)
2026-03-25 10:45:09,720 [INFO] S1: Asian range built | High=4602.68 Low=4383.98 Range=$218.70
2026-03-25 10:45:09,721 [INFO] ⏸ Asian range $218.70 too wide (max $200.0)
2026-03-25 10:46:11,639 [INFO] S1: Asian range built | High=4602.68 Low=4383.98 Range=$218.70
2026-03-25 10:46:11,640 [INFO] ⏸ Asian range $218.70 too wide (max $200.0)
2026-03-25 10:47:13,557 [INFO] S1: Asian range built | High=4602.68 Low=4383.98 Range=$218.70
2026-03-25 10:47:13,557 [INFO] ⏸ Asian range $218.70 too wide (max $200.0)
2026-03-25 10:48:15,424 [INFO] S1: Asian range built | High=4602.68 Low=4383.98 Range=$218.70
2026-03-25 10:48:15,424 [INFO] ⏸ Asian range $218.70 too wide (max $200.0)
2026-03-25 10:49:17,291 [INFO] S1: Asian range built | High=4602.68 Low=4383.98 Range=$218.70
2026-03-25 10:49:17,291 [INFO] ⏸ Asian range $218.70 too wide (max $200.0)
2026-03-25 10:50:19,164 [INFO] S1: Asian range built | High=4602.68 Low=4383.98 Range=$218.70
2026-03-25 10:50:19,165 [INFO] ⏸ Asian range $218.70 too wide (max $200.0)
2026-03-25 10:51:21,066 [INFO] S1: Asian range built | High=4602.68 Low=4383.98 Range=$218.70
2026-03-25 10:51:21,066 [INFO] ⏸ Asian range $218.70 too wide (max $200.0)
2026-03-25 10:52:22,934 [INFO] S1: Asian range built | High=4602.68 Low=4383.98 Range=$218.70
2026-03-25 10:52:22,934 [INFO] ⏸ Asian range $218.70 too wide (max $200.0)
2026-03-25 10:53:24,798 [INFO] S1: Asian range built | High=4602.68 Low=4383.98 Range=$218.70
2026-03-25 10:53:24,798 [INFO] ⏸ Asian range $218.70 too wide (max $200.0)
2026-03-25 10:54:26,668 [INFO] S1: Asian range built | High=4602.68 Low=4383.98 Range=$218.70
2026-03-25 10:54:26,669 [INFO] ⏸ Asian range $218.70 too wide (max $200.0)
2026-03-25 10:55:28,511 [INFO] S1: Asian range built | High=4602.68 Low=4383.98 Range=$218.70
2026-03-25 10:55:28,511 [INFO] ⏸ Asian range $218.70 too wide (max $200.0)
2026-03-25 10:56:30,439 [INFO] S1: Asian range built | High=4602.68 Low=4383.98 Range=$218.70
2026-03-25 10:56:30,440 [INFO] ⏸ Asian range $218.70 too wide (max $200.0)
2026-03-25 10:57:32,308 [INFO] S1: Asian range built | High=4602.68 Low=4383.98 Range=$218.70
2026-03-25 10:57:32,308 [INFO] ⏸ Asian range $218.70 too wide (max $200.0)
2026-03-25 10:58:34,177 [INFO] S1: Asian range built | High=4602.68 Low=4383.98 Range=$218.70
2026-03-25 10:58:34,178 [INFO] ⏸ Asian range $218.70 too wide (max $200.0)
2026-03-25 10:59:36,016 [INFO] S1: Asian range built | High=4602.68 Low=4383.98 Range=$218.70
2026-03-25 10:59:36,016 [INFO] ⏸ Asian range $218.70 too wide (max $200.0)
2026-03-25 11:00:38,101 [INFO] S1: Asian range built | High=4602.68 Low=4383.98 Range=$218.70
2026-03-25 11:00:38,101 [INFO] ⏸ Asian range $218.70 too wide (max $200.0)
2026-03-25 11:01:39,973 [INFO] S1: Asian range built | High=4602.68 Low=4383.98 Range=$218.70
2026-03-25 11:01:39,973 [INFO] ⏸ Asian range $218.70 too wide (max $200.0)
2026-03-25 11:02:41,897 [INFO] S1: Asian range built | High=4602.68 Low=4383.98 Range=$218.70
2026-03-25 11:02:41,898 [INFO] ⏸ Asian range $218.70 too wide (max $200.0)
2026-03-25 11:03:43,762 [INFO] S1: Asian range built | High=4602.68 Low=4383.98 Range=$218.70
2026-03-25 11:03:43,762 [INFO] ⏸ Asian range $218.70 too wide (max $200.0)
2026-03-25 11:04:45,598 [INFO] S1: Asian range built | High=4602.68 Low=4383.98 Range=$218.70
2026-03-25 11:04:45,598 [INFO] ⏸ Asian range $218.70 too wide (max $200.0)
2026-03-25 11:05:47,494 [INFO] S1: Asian range built | High=4602.68 Low=4383.98 Range=$218.70
2026-03-25 11:05:47,495 [INFO] ⏸ Asian range $218.70 too wide (max $200.0)
2026-03-25 11:06:49,379 [INFO] S1: Asian range built | High=4602.68 Low=4383.98 Range=$218.70
2026-03-25 11:06:49,379 [INFO] ⏸ Asian range $218.70 too wide (max $200.0)
2026-03-25 11:07:51,259 [INFO] S1: Asian range built | High=4602.68 Low=4383.98 Range=$218.70
2026-03-25 11:07:51,260 [INFO] ⏸ Asian range $218.70 too wide (max $200.0)
2026-03-25 11:08:53,141 [INFO] S1: Asian range built | High=4602.68 Low=4383.98 Range=$218.70
2026-03-25 11:08:53,142 [INFO] ⏸ Asian range $218.70 too wide (max $200.0)
2026-03-25 11:09:55,000 [INFO] S1: Asian range built | High=4602.68 Low=4383.98 Range=$218.70
2026-03-25 11:09:55,001 [INFO] ⏸ Asian range $218.70 too wide (max $200.0)
2026-03-25 11:10:57,251 [INFO] S1: Asian range built | High=4602.68 Low=4383.98 Range=$218.70
2026-03-25 11:10:57,251 [INFO] ⏸ Asian range $218.70 too wide (max $200.0)
2026-03-25 11:11:59,110 [INFO] S1: Asian range built | High=4602.68 Low=4383.98 Range=$218.70
2026-03-25 11:11:59,110 [INFO] ⏸ Asian range $218.70 too wide (max $200.0)
2026-03-25 11:13:01,058 [INFO] S1: Asian range built | High=4602.68 Low=4383.98 Range=$218.70
2026-03-25 11:13:01,059 [INFO] ⏸ Asian range $218.70 too wide (max $200.0)
2026-03-25 11:14:02,938 [INFO] S1: Asian range built | High=4602.68 Low=4383.98 Range=$218.70
2026-03-25 11:14:02,938 [INFO] ⏸ Asian range $218.70 too wide (max $200.0)
2026-03-25 11:15:04,809 [INFO] S1: Asian range built | High=4602.68 Low=4383.98 Range=$218.70
2026-03-25 11:15:04,810 [INFO] ⏸ Asian range $218.70 too wide (max $200.0)
2026-03-25 11:16:06,666 [INFO] S1: Asian range built | High=4602.68 Low=4383.98 Range=$218.70
2026-03-25 11:16:06,667 [INFO] ⏸ Asian range $218.70 too wide (max $200.0)
2026-03-25 11:17:08,533 [INFO] S1: Asian range built | High=4602.68 Low=4383.98 Range=$218.70
2026-03-25 11:17:08,533 [INFO] ⏸ Asian range $218.70 too wide (max $200.0)
2026-03-25 11:18:10,460 [INFO] S1: Asian range built | High=4602.68 Low=4383.98 Range=$218.70
2026-03-25 11:18:10,460 [INFO] ⏸ Asian range $218.70 too wide (max $200.0)
2026-03-25 11:19:12,321 [INFO] S1: Asian range built | High=4602.68 Low=4383.98 Range=$218.70
2026-03-25 11:19:12,321 [INFO] ⏸ Asian range $218.70 too wide (max $200.0)
2026-03-25 11:20:14,184 [INFO] S1: Asian range built | High=4602.68 Low=4383.98 Range=$218.70
2026-03-25 11:20:14,184 [INFO] ⏸ Asian range $218.70 too wide (max $200.0)
2026-03-25 11:21:16,068 [INFO] S1: Asian range built | High=4602.68 Low=4383.98 Range=$218.70
2026-03-25 11:21:16,068 [INFO] ⏸ Asian range $218.70 too wide (max $200.0)
2026-03-25 11:22:17,951 [INFO] S1: Asian range built | High=4602.68 Low=4383.98 Range=$218.70
2026-03-25 11:22:17,951 [INFO] ⏸ Asian range $218.70 too wide (max $200.0)
2026-03-25 11:23:19,949 [INFO] S1: Asian range built | High=4602.68 Low=4383.98 Range=$218.70
2026-03-25 11:23:19,949 [INFO] ⏸ Asian range $218.70 too wide (max $200.0)
2026-03-25 11:24:21,890 [INFO] S1: Asian range built | High=4602.68 Low=4383.98 Range=$218.70
2026-03-25 11:24:21,891 [INFO] ⏸ Asian range $218.70 too wide (max $200.0)
2026-03-25 11:25:23,767 [INFO] S1: Asian range built | High=4602.68 Low=4383.98 Range=$218.70
2026-03-25 11:25:23,767 [INFO] ⏸ Asian range $218.70 too wide (max $200.0)
2026-03-25 11:26:25,648 [INFO] S1: Asian range built | High=4602.68 Low=4383.98 Range=$218.70
2026-03-25 11:26:25,648 [INFO] ⏸ Asian range $218.70 too wide (max $200.0)
2026-03-25 11:27:27,503 [INFO] S1: Asian range built | High=4602.68 Low=4383.98 Range=$218.70
2026-03-25 11:27:27,503 [INFO] ⏸ Asian range $218.70 too wide (max $200.0)
2026-03-25 11:28:29,387 [INFO] S1: Asian range built | High=4602.68 Low=4383.98 Range=$218.70
2026-03-25 11:28:29,387 [INFO] ⏸ Asian range $218.70 too wide (max $200.0)
2026-03-25 11:29:31,237 [INFO] S1: Asian range built | High=4602.68 Low=4383.98 Range=$218.70
2026-03-25 11:29:31,237 [INFO] ⏸ Asian range $218.70 too wide (max $200.0)
2026-03-25 11:30:33,105 [INFO] S1: Asian range built | High=4602.68 Low=4383.98 Range=$218.70
2026-03-25 11:30:33,105 [INFO] ⏸ Asian range $218.70 too wide (max $200.0)
2026-03-25 11:31:34,977 [INFO] S1: Asian range built | High=4602.68 Low=4383.98 Range=$218.70
2026-03-25 11:31:34,977 [INFO] ⏸ Asian range $218.70 too wide (max $200.0)
2026-03-25 11:32:36,851 [INFO] S1: Asian range built | High=4602.68 Low=4383.98 Range=$218.70
2026-03-25 11:32:36,851 [INFO] ⏸ Asian range $218.70 too wide (max $200.0)
2026-03-25 11:33:38,742 [INFO] S1: Asian range built | High=4602.68 Low=4383.98 Range=$218.70
2026-03-25 11:33:38,742 [INFO] ⏸ Asian range $218.70 too wide (max $200.0)
2026-03-25 11:34:40,690 [INFO] S1: Asian range built | High=4602.68 Low=4383.98 Range=$218.70
2026-03-25 11:34:40,690 [INFO] ⏸ Asian range $218.70 too wide (max $200.0)
2026-03-25 11:34:51,863 [WARNING] News calendar fetch failed: 404 Client Error: Not Found for url: https://api.twelvedata.com/economic_calendar?apikey=7f583a715cb14117826f85541da23fdf&start_date=2026-03-25&end_date=2026-03-25&importance=high — trading allowed
2026-03-25 11:34:51,864 [INFO] 📰 News calendar refreshed — 0 events today
2026-03-25 11:35:42,554 [INFO] S1: Asian range built | High=4602.68 Low=4383.98 Range=$218.70
2026-03-25 11:35:42,555 [INFO] ⏸ Asian range $218.70 too wide (max $200.0)
2026-03-25 11:36:44,429 [INFO] S1: Asian range built | High=4602.68 Low=4383.98 Range=$218.70
2026-03-25 11:36:44,430 [INFO] ⏸ Asian range $218.70 too wide (max $200.0)
2026-03-25 11:37:46,314 [INFO] S1: Asian range built | High=4602.68 Low=4383.98 Range=$218.70
2026-03-25 11:37:46,314 [INFO] ⏸ Asian range $218.70 too wide (max $200.0)
2026-03-25 11:38:48,192 [INFO] S1: Asian range built | High=4602.68 Low=4383.98 Range=$218.70
2026-03-25 11:38:48,192 [INFO] ⏸ Asian range $218.70 too wide (max $200.0)
2026-03-25 11:39:50,204 [INFO] S1: Asian range built | High=4602.68 Low=4383.98 Range=$218.70
2026-03-25 11:39:50,204 [INFO] ⏸ Asian range $218.70 too wide (max $200.0)
2026-03-25 11:40:52,159 [INFO] S1: Asian range built | High=4602.68 Low=4383.98 Range=$218.70
2026-03-25 11:40:52,159 [INFO] ⏸ Asian range $218.70 too wide (max $200.0)
2026-03-25 11:41:54,005 [INFO] S1: Asian range built | High=4602.68 Low=4383.98 Range=$218.70
2026-03-25 11:41:54,005 [INFO] ⏸ Asian range $218.70 too wide (max $200.0)
2026-03-25 11:42:55,915 [INFO] S1: Asian range built | High=4602.68 Low=4383.98 Range=$218.70
2026-03-25 11:42:55,915 [INFO] ⏸ Asian range $218.70 too wide (max $200.0)
2026-03-25 11:43:57,807 [INFO] S1: Asian range built | High=4602.68 Low=4383.98 Range=$218.70
2026-03-25 11:43:57,807 [INFO] ⏸ Asian range $218.70 too wide (max $200.0)
2026-03-25 11:44:59,783 [INFO] S1: Asian range built | High=4602.68 Low=4383.98 Range=$218.70
2026-03-25 11:44:59,783 [INFO] ⏸ Asian range $218.70 too wide (max $200.0)
2026-03-25 11:46:01,725 [INFO] S1: Asian range built | High=4602.68 Low=4383.98 Range=$218.70
2026-03-25 11:46:01,725 [INFO] ⏸ Asian range $218.70 too wide (max $200.0)
2026-03-25 11:47:03,649 [INFO] S1: Asian range built | High=4602.68 Low=4383.98 Range=$218.70
2026-03-25 11:47:03,649 [INFO] ⏸ Asian range $218.70 too wide (max $200.0)
2026-03-25 11:48:05,548 [INFO] S1: Asian range built | High=4602.68 Low=4383.98 Range=$218.70
2026-03-25 11:48:05,549 [INFO] ⏸ Asian range $218.70 too wide (max $200.0)
2026-03-25 11:49:07,433 [INFO] S1: Asian range built | High=4602.68 Low=4383.98 Range=$218.70
2026-03-25 11:49:07,434 [INFO] ⏸ Asian range $218.70 too wide (max $200.0)
2026-03-25 11:50:09,302 [INFO] S1: Asian range built | High=4602.68 Low=4383.98 Range=$218.70
2026-03-25 11:50:09,303 [INFO] ⏸ Asian range $218.70 too wide (max $200.0)
2026-03-25 11:51:11,221 [INFO] S1: Asian range built | High=4602.68 Low=4383.98 Range=$218.70
2026-03-25 11:51:11,221 [INFO] ⏸ Asian range $218.70 too wide (max $200.0)
2026-03-25 11:52:13,094 [INFO] S1: Asian range built | High=4602.68 Low=4383.98 Range=$218.70
2026-03-25 11:52:13,095 [INFO] ⏸ Asian range $218.70 too wide (max $200.0)
2026-03-25 11:53:14,948 [INFO] S1: Asian range built | High=4602.68 Low=4383.98 Range=$218.70
2026-03-25 11:53:14,949 [INFO] ⏸ Asian range $218.70 too wide (max $200.0)
2026-03-25 11:54:16,818 [INFO] S1: Asian range built | High=4602.68 Low=4383.98 Range=$218.70
2026-03-25 11:54:16,818 [INFO] ⏸ Asian range $218.70 too wide (max $200.0)
2026-03-25 11:55:18,686 [INFO] S1: Asian range built | High=4602.68 Low=4383.98 Range=$218.70
2026-03-25 11:55:18,686 [INFO] ⏸ Asian range $218.70 too wide (max $200.0)
2026-03-25 11:56:20,541 [INFO] S1: Asian range built | High=4602.68 Low=4383.98 Range=$218.70
2026-03-25 11:56:20,541 [INFO] ⏸ Asian range $218.70 too wide (max $200.0)
2026-03-25 11:57:22,422 [INFO] S1: Asian range built | High=4602.68 Low=4383.98 Range=$218.70
2026-03-25 11:57:22,422 [INFO] ⏸ Asian range $218.70 too wide (max $200.0)
2026-03-25 11:58:24,289 [INFO] S1: Asian range built | High=4602.68 Low=4383.98 Range=$218.70
2026-03-25 11:58:24,289 [INFO] ⏸ Asian range $218.70 too wide (max $200.0)
2026-03-25 11:59:26,233 [INFO] S1: Asian range built | High=4602.68 Low=4383.98 Range=$218.70
2026-03-25 11:59:26,234 [INFO] ⏸ Asian range $218.70 too wide (max $200.0)
2026-03-25 12:00:28,101 [INFO] S1: Asian range built | High=4602.68 Low=4383.98 Range=$218.70
2026-03-25 12:00:28,101 [INFO] ⏸ Asian range $218.70 too wide (max $200.0)
2026-03-25 12:01:29,984 [INFO] S1: Asian range built | High=4602.68 Low=4383.98 Range=$218.70
2026-03-25 12:01:29,984 [INFO] ⏸ Asian range $218.70 too wide (max $200.0)
2026-03-25 12:02:31,949 [INFO] S1: Asian range built | High=4602.68 Low=4383.98 Range=$218.70
2026-03-25 12:02:31,949 [INFO] ⏸ Asian range $218.70 too wide (max $200.0)
2026-03-25 12:03:33,950 [INFO] S1: Asian range built | High=4602.68 Low=4383.98 Range=$218.70
2026-03-25 12:03:33,950 [INFO] ⏸ Asian range $218.70 too wide (max $200.0)
2026-03-25 12:04:35,826 [INFO] S1: Asian range built | High=4602.68 Low=4383.98 Range=$218.70
2026-03-25 12:04:35,827 [INFO] ⏸ Asian range $218.70 too wide (max $200.0)
2026-03-25 12:05:37,674 [INFO] S1: Asian range built | High=4602.68 Low=4383.98 Range=$218.70
2026-03-25 12:05:37,675 [INFO] ⏸ Asian range $218.70 too wide (max $200.0)
2026-03-25 12:06:39,549 [INFO] S1: Asian range built | High=4602.68 Low=4383.98 Range=$218.70
2026-03-25 12:06:39,550 [INFO] ⏸ Asian range $218.70 too wide (max $200.0)
2026-03-25 12:07:41,425 [INFO] S1: Asian range built | High=4602.68 Low=4383.98 Range=$218.70
2026-03-25 12:07:41,425 [INFO] ⏸ Asian range $218.70 too wide (max $200.0)
2026-03-25 12:08:43,289 [INFO] S1: Asian range built | High=4602.68 Low=4383.98 Range=$218.70
2026-03-25 12:08:43,290 [INFO] ⏸ Asian range $218.70 too wide (max $200.0)
2026-03-25 12:09:45,155 [INFO] S1: Asian range built | High=4602.68 Low=4383.98 Range=$218.70
2026-03-25 12:09:45,156 [INFO] ⏸ Asian range $218.70 too wide (max $200.0)
2026-03-25 12:10:47,027 [INFO] S1: Asian range built | High=4602.68 Low=4383.98 Range=$218.70
2026-03-25 12:10:47,027 [INFO] ⏸ Asian range $218.70 too wide (max $200.0)
2026-03-25 12:11:48,908 [INFO] S1: Asian range built | High=4602.68 Low=4383.98 Range=$218.70
2026-03-25 12:11:48,909 [INFO] ⏸ Asian range $218.70 too wide (max $200.0)
2026-03-25 12:12:50,855 [INFO] S1: Asian range built | High=4602.68 Low=4383.98 Range=$218.70
2026-03-25 12:12:50,855 [INFO] ⏸ Asian range $218.70 too wide (max $200.0)
2026-03-25 12:13:52,796 [INFO] S1: Asian range built | High=4602.68 Low=4383.98 Range=$218.70
2026-03-25 12:13:52,796 [INFO] ⏸ Asian range $218.70 too wide (max $200.0)
2026-03-25 12:14:54,672 [INFO] S1: Asian range built | High=4602.68 Low=4383.98 Range=$218.70
2026-03-25 12:14:54,672 [INFO] ⏸ Asian range $218.70 too wide (max $200.0)
2026-03-25 12:15:56,541 [INFO] S1: Asian range built | High=4602.68 Low=4383.98 Range=$218.70
2026-03-25 12:15:56,541 [INFO] ⏸ Asian range $218.70 too wide (max $200.0)
2026-03-25 12:16:58,413 [INFO] S1: Asian range built | High=4602.68 Low=4383.98 Range=$218.70
2026-03-25 12:16:58,413 [INFO] ⏸ Asian range $218.70 too wide (max $200.0)
2026-03-25 12:18:00,358 [INFO] S1: Asian range built | High=4602.68 Low=4383.98 Range=$218.70
2026-03-25 12:18:00,358 [INFO] ⏸ Asian range $218.70 too wide (max $200.0)
2026-03-25 12:19:02,231 [INFO] S1: Asian range built | High=4602.68 Low=4383.98 Range=$218.70
2026-03-25 12:19:02,232 [INFO] ⏸ Asian range $218.70 too wide (max $200.0)
2026-03-25 12:20:04,108 [INFO] S1: Asian range built | High=4602.68 Low=4383.98 Range=$218.70
2026-03-25 12:20:04,108 [INFO] ⏸ Asian range $218.70 too wide (max $200.0)
2026-03-25 12:21:05,964 [INFO] S1: Asian range built | High=4602.68 Low=4383.98 Range=$218.70
2026-03-25 12:21:05,964 [INFO] ⏸ Asian range $218.70 too wide (max $200.0)
2026-03-25 12:22:07,835 [INFO] S1: Asian range built | High=4602.68 Low=4383.98 Range=$218.70
2026-03-25 12:22:07,835 [INFO] ⏸ Asian range $218.70 too wide (max $200.0)
2026-03-25 12:23:09,692 [INFO] S1: Asian range built | High=4602.68 Low=4383.98 Range=$218.70
2026-03-25 12:23:09,693 [INFO] ⏸ Asian range $218.70 too wide (max $200.0)
2026-03-25 12:24:11,588 [INFO] S1: Asian range built | High=4602.68 Low=4383.98 Range=$218.70
2026-03-25 12:24:11,588 [INFO] ⏸ Asian range $218.70 too wide (max $200.0)
2026-03-25 12:25:13,456 [INFO] S1: Asian range built | High=4602.68 Low=4383.98 Range=$218.70
2026-03-25 12:25:13,457 [INFO] ⏸ Asian range $218.70 too wide (max $200.0)
2026-03-25 12:26:15,383 [INFO] S1: Asian range built | High=4602.68 Low=4383.98 Range=$218.70
2026-03-25 12:26:15,383 [INFO] ⏸ Asian range $218.70 too wide (max $200.0)
2026-03-25 12:27:17,229 [INFO] S1: Asian range built | High=4602.68 Low=4383.98 Range=$218.70
2026-03-25 12:27:17,229 [INFO] ⏸ Asian range $218.70 too wide (max $200.0)
2026-03-25 12:28:19,195 [INFO] S1: Asian range built | High=4602.68 Low=4383.98 Range=$218.70
2026-03-25 12:28:19,196 [INFO] ⏸ Asian range $218.70 too wide (max $200.0)
2026-03-25 12:29:21,167 [INFO] S1: Asian range built | High=4602.68 Low=4383.98 Range=$218.70
2026-03-25 12:29:21,168 [INFO] ⏸ Asian range $218.70 too wide (max $200.0)
2026-03-25 12:30:23,073 [INFO] S1: Asian range built | High=4602.68 Low=4383.98 Range=$218.70
2026-03-25 12:30:23,074 [INFO] ⏸ Asian range $218.70 too wide (max $200.0)
2026-03-25 12:31:24,982 [INFO] S1: Asian range built | High=4602.68 Low=4383.98 Range=$218.70
2026-03-25 12:31:24,982 [INFO] ⏸ Asian range $218.70 too wide (max $200.0)
2026-03-25 12:32:26,847 [INFO] S1: Asian range built | High=4602.68 Low=4383.98 Range=$218.70
2026-03-25 12:32:26,847 [INFO] ⏸ Asian range $218.70 too wide (max $200.0)
2026-03-25 12:33:28,735 [INFO] S1: Asian range built | High=4602.68 Low=4383.98 Range=$218.70
2026-03-25 12:33:28,736 [INFO] ⏸ Asian range $218.70 too wide (max $200.0)
2026-03-25 12:34:30,603 [INFO] S1: Asian range built | High=4602.68 Low=4383.98 Range=$218.70
2026-03-25 12:34:30,603 [INFO] ⏸ Asian range $218.70 too wide (max $200.0)
2026-03-25 12:34:54,453 [WARNING] News calendar fetch failed: 404 Client Error: Not Found for url: https://api.twelvedata.com/economic_calendar?apikey=7f583a715cb14117826f85541da23fdf&start_date=2026-03-25&end_date=2026-03-25&importance=high — trading allowed
2026-03-25 12:34:54,454 [INFO] 📰 News calendar refreshed — 0 events today
2026-03-25 12:35:32,470 [INFO] S1: Asian range built | High=4602.68 Low=4383.98 Range=$218.70
2026-03-25 12:35:32,471 [INFO] ⏸ Asian range $218.70 too wide (max $200.0)
2026-03-25 12:36:34,325 [INFO] S1: Asian range built | High=4602.68 Low=4383.98 Range=$218.70
2026-03-25 12:36:34,325 [INFO] ⏸ Asian range $218.70 too wide (max $200.0)
2026-03-25 12:37:36,338 [INFO] S1: Asian range built | High=4602.68 Low=4383.98 Range=$218.70
2026-03-25 12:37:36,338 [INFO] ⏸ Asian range $218.70 too wide (max $200.0)
2026-03-25 12:38:38,198 [INFO] S1: Asian range built | High=4602.68 Low=4383.98 Range=$218.70
2026-03-25 12:38:38,198 [INFO] ⏸ Asian range $218.70 too wide (max $200.0)
2026-03-25 12:39:40,088 [INFO] S1: Asian range built | High=4602.68 Low=4383.98 Range=$218.70
2026-03-25 12:39:40,088 [INFO] ⏸ Asian range $218.70 too wide (max $200.0)
2026-03-25 12:40:41,956 [INFO] S1: Asian range built | High=4602.68 Low=4383.98 Range=$218.70
2026-03-25 12:40:41,956 [INFO] ⏸ Asian range $218.70 too wide (max $200.0)
2026-03-25 12:41:43,851 [INFO] S1: Asian range built | High=4602.68 Low=4383.98 Range=$218.70
2026-03-25 12:41:43,852 [INFO] ⏸ Asian range $218.70 too wide (max $200.0)
2026-03-25 12:42:45,732 [INFO] S1: Asian range built | High=4602.68 Low=4383.98 Range=$218.70
2026-03-25 12:42:45,732 [INFO] ⏸ Asian range $218.70 too wide (max $200.0)
2026-03-25 12:43:47,626 [INFO] S1: Asian range built | High=4602.68 Low=4383.98 Range=$218.70
2026-03-25 12:43:47,627 [INFO] ⏸ Asian range $218.70 too wide (max $200.0)
2026-03-25 12:44:49,512 [INFO] S1: Asian range built | High=4602.68 Low=4383.98 Range=$218.70
2026-03-25 12:44:49,512 [INFO] ⏸ Asian range $218.70 too wide (max $200.0)
2026-03-25 12:45:51,438 [INFO] S1: Asian range built | High=4602.68 Low=4383.98 Range=$218.70
2026-03-25 12:45:51,439 [INFO] ⏸ Asian range $218.70 too wide (max $200.0)
2026-03-25 12:46:53,311 [INFO] S1: Asian range built | High=4602.68 Low=4383.98 Range=$218.70
2026-03-25 12:46:53,311 [INFO] ⏸ Asian range $218.70 too wide (max $200.0)
2026-03-25 12:47:55,198 [INFO] S1: Asian range built | High=4602.68 Low=4383.98 Range=$218.70
2026-03-25 12:47:55,199 [INFO] ⏸ Asian range $218.70 too wide (max $200.0)
2026-03-25 12:48:57,079 [INFO] S1: Asian range built | High=4602.68 Low=4383.98 Range=$218.70
2026-03-25 12:48:57,080 [INFO] ⏸ Asian range $218.70 too wide (max $200.0)
2026-03-25 12:49:58,958 [INFO] S1: Asian range built | High=4602.68 Low=4383.98 Range=$218.70
2026-03-25 12:49:58,958 [INFO] ⏸ Asian range $218.70 too wide (max $200.0)
2026-03-25 12:51:00,843 [INFO] S1: Asian range built | High=4602.68 Low=4383.98 Range=$218.70
2026-03-25 12:51:00,843 [INFO] ⏸ Asian range $218.70 too wide (max $200.0)
2026-03-25 12:52:02,721 [INFO] S1: Asian range built | High=4602.68 Low=4383.98 Range=$218.70
2026-03-25 12:52:02,722 [INFO] ⏸ Asian range $218.70 too wide (max $200.0)
2026-03-25 12:53:04,590 [INFO] S1: Asian range built | High=4602.68 Low=4383.98 Range=$218.70
2026-03-25 12:53:04,591 [INFO] ⏸ Asian range $218.70 too wide (max $200.0)
2026-03-25 12:54:06,507 [INFO] S1: Asian range built | High=4602.68 Low=4383.98 Range=$218.70
2026-03-25 12:54:06,507 [INFO] ⏸ Asian range $218.70 too wide (max $200.0)
2026-03-25 12:55:08,367 [INFO] S1: Asian range built | High=4602.68 Low=4383.98 Range=$218.70
2026-03-25 12:55:08,367 [INFO] ⏸ Asian range $218.70 too wide (max $200.0)
2026-03-25 12:56:10,241 [INFO] S1: Asian range built | High=4602.68 Low=4383.98 Range=$218.70
2026-03-25 12:56:10,241 [INFO] ⏸ Asian range $218.70 too wide (max $200.0)
2026-03-25 12:57:12,187 [INFO] S1: Asian range built | High=4602.68 Low=4383.98 Range=$218.70
2026-03-25 12:57:12,187 [INFO] ⏸ Asian range $218.70 too wide (max $200.0)
2026-03-25 12:58:14,092 [INFO] S1: Asian range built | High=4602.68 Low=4383.98 Range=$218.70
2026-03-25 12:58:14,092 [INFO] ⏸ Asian range $218.70 too wide (max $200.0)
2026-03-25 12:59:16,000 [INFO] S1: Asian range built | High=4602.68 Low=4383.98 Range=$218.70
2026-03-25 12:59:16,000 [INFO] ⏸ Asian range $218.70 too wide (max $200.0)
2026-03-25 13:00:17,868 [INFO] S1: Asian range built | High=4602.68 Low=4383.98 Range=$218.70
2026-03-25 13:00:17,868 [INFO] ⏸ Asian range $218.70 too wide (max $200.0)
2026-03-25 13:01:19,727 [INFO] S1: Asian range built | High=4602.68 Low=4383.98 Range=$218.70
2026-03-25 13:01:19,727 [INFO] ⏸ Asian range $218.70 too wide (max $200.0)
2026-03-25 13:02:21,674 [INFO] S1: Asian range built | High=4602.68 Low=4383.98 Range=$218.70
2026-03-25 13:02:21,674 [INFO] ⏸ Asian range $218.70 too wide (max $200.0)
2026-03-25 13:03:23,618 [INFO] S1: Asian range built | High=4602.68 Low=4383.98 Range=$218.70
2026-03-25 13:03:23,619 [INFO] ⏸ Asian range $218.70 too wide (max $200.0)
2026-03-25 13:04:25,496 [INFO] S1: Asian range built | High=4602.68 Low=4383.98 Range=$218.70
2026-03-25 13:04:25,497 [INFO] ⏸ Asian range $218.70 too wide (max $200.0)
2026-03-25 13:05:27,404 [INFO] S1: Asian range built | High=4602.68 Low=4383.98 Range=$218.70
2026-03-25 13:05:27,404 [INFO] ⏸ Asian range $218.70 too wide (max $200.0)
2026-03-25 13:06:29,317 [INFO] S1: Asian range built | High=4602.68 Low=4383.98 Range=$218.70
2026-03-25 13:06:29,317 [INFO] ⏸ Asian range $218.70 too wide (max $200.0)
2026-03-25 13:07:31,275 [INFO] S1: Asian range built | High=4602.68 Low=4383.98 Range=$218.70
2026-03-25 13:07:31,275 [INFO] ⏸ Asian range $218.70 too wide (max $200.0)
2026-03-25 13:08:33,130 [INFO] S1: Asian range built | High=4602.68 Low=4383.98 Range=$218.70
2026-03-25 13:08:33,130 [INFO] ⏸ Asian range $218.70 too wide (max $200.0)
2026-03-25 13:09:35,097 [INFO] S1: Asian range built | High=4602.68 Low=4383.98 Range=$218.70
2026-03-25 13:09:35,098 [INFO] ⏸ Asian range $218.70 too wide (max $200.0)
2026-03-25 13:10:36,980 [INFO] S1: Asian range built | High=4602.68 Low=4383.98 Range=$218.70
2026-03-25 13:10:36,980 [INFO] ⏸ Asian range $218.70 too wide (max $200.0)
2026-03-25 13:11:38,847 [INFO] S1: Asian range built | High=4602.68 Low=4383.98 Range=$218.70
2026-03-25 13:11:38,847 [INFO] ⏸ Asian range $218.70 too wide (max $200.0)
2026-03-25 13:12:40,837 [INFO] S1: Asian range built | High=4602.68 Low=4383.98 Range=$218.70
2026-03-25 13:12:40,837 [INFO] ⏸ Asian range $218.70 too wide (max $200.0)
2026-03-25 13:13:42,706 [INFO] S1: Asian range built | High=4602.68 Low=4383.98 Range=$218.70
2026-03-25 13:13:42,706 [INFO] ⏸ Asian range $218.70 too wide (max $200.0)
2026-03-25 13:14:44,577 [INFO] S1: Asian range built | High=4602.68 Low=4383.98 Range=$218.70
2026-03-25 13:14:44,578 [INFO] ⏸ Asian range $218.70 too wide (max $200.0)
2026-03-25 13:15:46,448 [INFO] S1: Asian range built | High=4602.68 Low=4383.98 Range=$218.70
2026-03-25 13:15:46,449 [INFO] ⏸ Asian range $218.70 too wide (max $200.0)
2026-03-25 13:16:48,318 [INFO] S1: Asian range built | High=4602.68 Low=4383.98 Range=$218.70
2026-03-25 13:16:48,319 [INFO] ⏸ Asian range $218.70 too wide (max $200.0)
2026-03-25 13:17:50,346 [INFO] S1: Asian range built | High=4602.68 Low=4383.98 Range=$218.70
2026-03-25 13:17:50,346 [INFO] ⏸ Asian range $218.70 too wide (max $200.0)
2026-03-25 13:18:52,240 [INFO] S1: Asian range built | High=4602.68 Low=4383.98 Range=$218.70
2026-03-25 13:18:52,240 [INFO] ⏸ Asian range $218.70 too wide (max $200.0)
2026-03-25 13:19:54,171 [INFO] S1: Asian range built | High=4602.68 Low=4383.98 Range=$218.70
2026-03-25 13:19:54,171 [INFO] ⏸ Asian range $218.70 too wide (max $200.0)
2026-03-25 13:20:56,126 [INFO] S1: Asian range built | High=4602.68 Low=4383.98 Range=$218.70
2026-03-25 13:20:56,126 [INFO] ⏸ Asian range $218.70 too wide (max $200.0)
2026-03-25 13:21:57,994 [INFO] S1: Asian range built | High=4602.68 Low=4383.98 Range=$218.70
2026-03-25 13:21:57,994 [INFO] ⏸ Asian range $218.70 too wide (max $200.0)
2026-03-25 13:22:59,908 [INFO] S1: Asian range built | High=4602.68 Low=4383.98 Range=$218.70
2026-03-25 13:22:59,908 [INFO] ⏸ Asian range $218.70 too wide (max $200.0)
2026-03-25 13:24:01,798 [INFO] S1: Asian range built | High=4602.68 Low=4383.98 Range=$218.70
2026-03-25 13:24:01,799 [INFO] ⏸ Asian range $218.70 too wide (max $200.0)
2026-03-25 13:25:03,745 [INFO] S1: Asian range built | High=4602.68 Low=4383.98 Range=$218.70
2026-03-25 13:25:03,746 [INFO] ⏸ Asian range $218.70 too wide (max $200.0)
2026-03-25 13:26:05,612 [INFO] S1: Asian range built | High=4602.68 Low=4383.98 Range=$218.70
2026-03-25 13:26:05,612 [INFO] ⏸ Asian range $218.70 too wide (max $200.0)
2026-03-25 13:27:07,476 [INFO] S1: Asian range built | High=4602.68 Low=4383.98 Range=$218.70
2026-03-25 13:27:07,476 [INFO] ⏸ Asian range $218.70 too wide (max $200.0)
2026-03-25 13:28:09,460 [INFO] S1: Asian range built | High=4602.68 Low=4383.98 Range=$218.70
2026-03-25 13:28:09,460 [INFO] ⏸ Asian range $218.70 too wide (max $200.0)
2026-03-25 13:29:11,346 [INFO] S1: Asian range built | High=4602.68 Low=4383.98 Range=$218.70
2026-03-25 13:29:11,346 [INFO] ⏸ Asian range $218.70 too wide (max $200.0)
2026-03-25 13:30:13,207 [INFO] S1: Asian range built | High=4602.68 Low=4383.98 Range=$218.70
2026-03-25 13:30:13,207 [INFO] ⏸ Asian range $218.70 too wide (max $200.0)
2026-03-25 13:31:15,119 [INFO] S1: Asian range built | High=4602.68 Low=4383.98 Range=$218.70
2026-03-25 13:31:15,119 [INFO] ⏸ Asian range $218.70 too wide (max $200.0)
2026-03-25 13:32:17,105 [INFO] S1: Asian range built | High=4602.68 Low=4383.98 Range=$218.70
2026-03-25 13:32:17,105 [INFO] ⏸ Asian range $218.70 too wide (max $200.0)
2026-03-25 13:33:18,982 [INFO] S1: Asian range built | High=4602.68 Low=4383.98 Range=$218.70
2026-03-25 13:33:18,982 [INFO] ⏸ Asian range $218.70 too wide (max $200.0)
2026-03-25 13:34:20,920 [INFO] S1: Asian range built | High=4602.68 Low=4383.98 Range=$218.70
2026-03-25 13:34:20,920 [INFO] ⏸ Asian range $218.70 too wide (max $200.0)
2026-03-25 13:34:56,579 [WARNING] News calendar fetch failed: 404 Client Error: Not Found for url: https://api.twelvedata.com/economic_calendar?apikey=7f583a715cb14117826f85541da23fdf&start_date=2026-03-25&end_date=2026-03-25&importance=high — trading allowed
2026-03-25 13:34:56,580 [INFO] 📰 News calendar refreshed — 0 events today
2026-03-25 13:35:22,848 [INFO] S1: Asian range built | High=4602.68 Low=4383.98 Range=$218.70
2026-03-25 13:35:22,849 [INFO] ⏸ Asian range $218.70 too wide (max $200.0)
2026-03-25 13:36:24,722 [INFO] S1: Asian range built | High=4602.68 Low=4383.98 Range=$218.70
2026-03-25 13:36:24,722 [INFO] ⏸ Asian range $218.70 too wide (max $200.0)
2026-03-25 13:37:26,587 [INFO] S1: Asian range built | High=4602.68 Low=4383.98 Range=$218.70
2026-03-25 13:37:26,587 [INFO] ⏸ Asian range $218.70 too wide (max $200.0)
2026-03-25 13:38:28,456 [INFO] S1: Asian range built | High=4602.68 Low=4383.98 Range=$218.70
2026-03-25 13:38:28,456 [INFO] ⏸ Asian range $218.70 too wide (max $200.0)
2026-03-25 13:39:30,360 [INFO] S1: Asian range built | High=4602.68 Low=4383.98 Range=$218.70
2026-03-25 13:39:30,361 [INFO] ⏸ Asian range $218.70 too wide (max $200.0)
2026-03-25 13:40:32,232 [INFO] S1: Asian range built | High=4602.68 Low=4383.98 Range=$218.70
2026-03-25 13:40:32,233 [INFO] ⏸ Asian range $218.70 too wide (max $200.0)
2026-03-25 13:41:34,090 [INFO] S1: Asian range built | High=4602.68 Low=4383.98 Range=$218.70
2026-03-25 13:41:34,090 [INFO] ⏸ Asian range $218.70 too wide (max $200.0)
2026-03-25 13:42:35,989 [INFO] S1: Asian range built | High=4602.68 Low=4383.98 Range=$218.70
2026-03-25 13:42:35,989 [INFO] ⏸ Asian range $218.70 too wide (max $200.0)
2026-03-25 13:43:37,943 [INFO] S1: Asian range built | High=4602.68 Low=4383.98 Range=$218.70
2026-03-25 13:43:37,943 [INFO] ⏸ Asian range $218.70 too wide (max $200.0)
2026-03-25 13:44:39,894 [INFO] S1: Asian range built | High=4602.68 Low=4383.98 Range=$218.70
2026-03-25 13:44:39,894 [INFO] ⏸ Asian range $218.70 too wide (max $200.0)
2026-03-25 13:45:41,777 [INFO] S1: Asian range built | High=4602.68 Low=4383.98 Range=$218.70
2026-03-25 13:45:41,778 [INFO] ⏸ Asian range $218.70 too wide (max $200.0)
2026-03-25 13:46:43,656 [INFO] S1: Asian range built | High=4602.68 Low=4383.98 Range=$218.70
2026-03-25 13:46:43,656 [INFO] ⏸ Asian range $218.70 too wide (max $200.0)
2026-03-25 13:47:45,540 [INFO] S1: Asian range built | High=4602.68 Low=4383.98 Range=$218.70
2026-03-25 13:47:45,540 [INFO] ⏸ Asian range $218.70 too wide (max $200.0)
2026-03-25 13:48:47,410 [INFO] S1: Asian range built | High=4602.68 Low=4383.98 Range=$218.70
2026-03-25 13:48:47,411 [INFO] ⏸ Asian range $218.70 too wide (max $200.0)
2026-03-25 13:49:49,470 [INFO] S1: Asian range built | High=4602.68 Low=4383.98 Range=$218.70
2026-03-25 13:49:49,470 [INFO] ⏸ Asian range $218.70 too wide (max $200.0)
2026-03-25 13:50:51,620 [INFO] S1: Asian range built | High=4602.68 Low=4383.98 Range=$218.70
2026-03-25 13:50:51,620 [INFO] ⏸ Asian range $218.70 too wide (max $200.0)
2026-03-25 13:51:53,504 [INFO] S1: Asian range built | High=4602.68 Low=4383.98 Range=$218.70
2026-03-25 13:51:53,504 [INFO] ⏸ Asian range $218.70 too wide (max $200.0)
2026-03-25 13:52:55,376 [INFO] S1: Asian range built | High=4602.68 Low=4383.98 Range=$218.70
2026-03-25 13:52:55,377 [INFO] ⏸ Asian range $218.70 too wide (max $200.0)
2026-03-25 13:53:57,275 [INFO] S1: Asian range built | High=4602.68 Low=4383.98 Range=$218.70
2026-03-25 13:53:57,275 [INFO] ⏸ Asian range $218.70 too wide (max $200.0)
2026-03-25 13:54:59,148 [INFO] S1: Asian range built | High=4602.68 Low=4383.98 Range=$218.70
2026-03-25 13:54:59,148 [INFO] ⏸ Asian range $218.70 too wide (max $200.0)
2026-03-25 13:56:01,084 [INFO] S1: Asian range built | High=4602.68 Low=4383.98 Range=$218.70
2026-03-25 13:56:01,085 [INFO] ⏸ Asian range $218.70 too wide (max $200.0)
2026-03-25 13:57:02,979 [INFO] S1: Asian range built | High=4602.68 Low=4383.98 Range=$218.70
2026-03-25 13:57:02,979 [INFO] ⏸ Asian range $218.70 too wide (max $200.0)
2026-03-25 13:58:04,921 [INFO] S1: Asian range built | High=4602.68 Low=4383.98 Range=$218.70
2026-03-25 13:58:04,922 [INFO] ⏸ Asian range $218.70 too wide (max $200.0)
2026-03-25 13:59:06,910 [INFO] S1: Asian range built | High=4602.68 Low=4383.98 Range=$218.70
2026-03-25 13:59:06,911 [INFO] ⏸ Asian range $218.70 too wide (max $200.0)
2026-03-25 14:00:08,875 [INFO] S1: Asian range built | High=4602.68 Low=4383.98 Range=$218.70
2026-03-25 14:00:08,875 [INFO] ⏸ Asian range $218.70 too wide (max $200.0)
2026-03-25 14:01:10,727 [INFO] S1: Asian range built | High=4602.68 Low=4383.98 Range=$218.70
2026-03-25 14:01:10,728 [INFO] ⏸ Asian range $218.70 too wide (max $200.0)
2026-03-25 14:02:12,611 [INFO] S1: Asian range built | High=4602.68 Low=4383.98 Range=$218.70
2026-03-25 14:02:12,612 [INFO] ⏸ Asian range $218.70 too wide (max $200.0)
2026-03-25 14:03:14,498 [INFO] S1: Asian range built | High=4602.68 Low=4383.98 Range=$218.70
2026-03-25 14:03:14,498 [INFO] ⏸ Asian range $218.70 too wide (max $200.0)
2026-03-25 14:04:16,369 [INFO] S1: Asian range built | High=4602.68 Low=4383.98 Range=$218.70
2026-03-25 14:04:16,369 [INFO] ⏸ Asian range $218.70 too wide (max $200.0)
2026-03-25 14:05:18,289 [INFO] S1: Asian range built | High=4602.68 Low=4383.98 Range=$218.70
2026-03-25 14:05:18,290 [INFO] ⏸ Asian range $218.70 too wide (max $200.0)
2026-03-25 14:06:20,150 [INFO] S1: Asian range built | High=4602.68 Low=4383.98 Range=$218.70
2026-03-25 14:06:20,151 [INFO] ⏸ Asian range $218.70 too wide (max $200.0)
2026-03-25 14:07:22,047 [INFO] S1: Asian range built | High=4602.68 Low=4383.98 Range=$218.70
2026-03-25 14:07:22,047 [INFO] ⏸ Asian range $218.70 too wide (max $200.0)
2026-03-25 14:08:23,998 [INFO] S1: Asian range built | High=4602.68 Low=4383.98 Range=$218.70
2026-03-25 14:08:23,998 [INFO] ⏸ Asian range $218.70 too wide (max $200.0)
2026-03-25 14:09:25,896 [INFO] S1: Asian range built | High=4602.68 Low=4383.98 Range=$218.70
2026-03-25 14:09:25,896 [INFO] ⏸ Asian range $218.70 too wide (max $200.0)
2026-03-25 14:10:27,797 [INFO] S1: Asian range built | High=4602.68 Low=4383.98 Range=$218.70
2026-03-25 14:10:27,798 [INFO] ⏸ Asian range $218.70 too wide (max $200.0)
2026-03-25 14:11:29,686 [INFO] S1: Asian range built | High=4602.68 Low=4383.98 Range=$218.70
2026-03-25 14:11:29,686 [INFO] ⏸ Asian range $218.70 too wide (max $200.0)
2026-03-25 14:12:31,573 [INFO] S1: Asian range built | High=4602.68 Low=4383.98 Range=$218.70
2026-03-25 14:12:31,573 [INFO] ⏸ Asian range $218.70 too wide (max $200.0)
2026-03-25 14:13:33,551 [INFO] S1: Asian range built | High=4602.68 Low=4383.98 Range=$218.70
2026-03-25 14:13:33,552 [INFO] ⏸ Asian range $218.70 too wide (max $200.0)
2026-03-25 14:14:35,436 [INFO] S1: Asian range built | High=4602.68 Low=4383.98 Range=$218.70
2026-03-25 14:14:35,436 [INFO] ⏸ Asian range $218.70 too wide (max $200.0)
2026-03-25 14:15:37,305 [INFO] S1: Asian range built | High=4602.68 Low=4383.98 Range=$218.70
2026-03-25 14:15:37,306 [INFO] ⏸ Asian range $218.70 too wide (max $200.0)
2026-03-25 14:16:39,188 [INFO] S1: Asian range built | High=4602.68 Low=4383.98 Range=$218.70
2026-03-25 14:16:39,188 [INFO] ⏸ Asian range $218.70 too wide (max $200.0)
2026-03-25 14:17:41,137 [INFO] S1: Asian range built | High=4602.68 Low=4383.98 Range=$218.70
2026-03-25 14:17:41,138 [INFO] ⏸ Asian range $218.70 too wide (max $200.0)
2026-03-25 14:18:43,018 [INFO] S1: Asian range built | High=4602.68 Low=4383.98 Range=$218.70
2026-03-25 14:18:43,018 [INFO] ⏸ Asian range $218.70 too wide (max $200.0)
2026-03-25 14:19:44,890 [INFO] S1: Asian range built | High=4602.68 Low=4383.98 Range=$218.70
2026-03-25 14:19:44,891 [INFO] ⏸ Asian range $218.70 too wide (max $200.0)
2026-03-25 14:20:46,776 [INFO] S1: Asian range built | High=4602.68 Low=4383.98 Range=$218.70
2026-03-25 14:20:46,777 [INFO] ⏸ Asian range $218.70 too wide (max $200.0)
2026-03-25 14:21:48,641 [INFO] S1: Asian range built | High=4602.68 Low=4383.98 Range=$218.70
2026-03-25 14:21:48,642 [INFO] ⏸ Asian range $218.70 too wide (max $200.0)
2026-03-25 14:22:50,498 [INFO] S1: Asian range built | High=4602.68 Low=4383.98 Range=$218.70
2026-03-25 14:22:50,498 [INFO] ⏸ Asian range $218.70 too wide (max $200.0)
2026-03-25 14:23:52,373 [INFO] S1: Asian range built | High=4602.68 Low=4383.98 Range=$218.70
2026-03-25 14:23:52,374 [INFO] ⏸ Asian range $218.70 too wide (max $200.0)
2026-03-25 14:24:54,257 [INFO] S1: Asian range built | High=4602.68 Low=4383.98 Range=$218.70
2026-03-25 14:24:54,258 [INFO] ⏸ Asian range $218.70 too wide (max $200.0)
2026-03-25 14:25:56,205 [INFO] S1: Asian range built | High=4602.68 Low=4383.98 Range=$218.70
2026-03-25 14:25:56,205 [INFO] ⏸ Asian range $218.70 too wide (max $200.0)
2026-03-25 14:26:58,096 [INFO] S1: Asian range built | High=4602.68 Low=4383.98 Range=$218.70
2026-03-25 14:26:58,096 [INFO] ⏸ Asian range $218.70 too wide (max $200.0)
2026-03-25 14:28:00,057 [INFO] S1: Asian range built | High=4602.68 Low=4383.98 Range=$218.70
2026-03-25 14:28:00,057 [INFO] ⏸ Asian range $218.70 too wide (max $200.0)
2026-03-25 14:29:01,927 [INFO] S1: Asian range built | High=4602.68 Low=4383.98 Range=$218.70
2026-03-25 14:29:01,928 [INFO] ⏸ Asian range $218.70 too wide (max $200.0)
2026-03-25 14:30:03,840 [INFO] S1: Asian range built | High=4602.68 Low=4383.98 Range=$218.70
2026-03-25 14:30:03,841 [INFO] ⏸ Asian range $218.70 too wide (max $200.0)
2026-03-25 14:31:05,704 [INFO] S1: Asian range built | High=4602.68 Low=4383.98 Range=$218.70
2026-03-25 14:31:05,704 [INFO] ⏸ Asian range $218.70 too wide (max $200.0)
2026-03-25 14:32:07,595 [INFO] S1: Asian range built | High=4602.68 Low=4383.98 Range=$218.70
2026-03-25 14:32:07,595 [INFO] ⏸ Asian range $218.70 too wide (max $200.0)
2026-03-25 14:33:09,501 [INFO] S1: Asian range built | High=4602.68 Low=4383.98 Range=$218.70
2026-03-25 14:33:09,501 [INFO] ⏸ Asian range $218.70 too wide (max $200.0)
2026-03-25 14:34:11,422 [INFO] S1: Asian range built | High=4602.68 Low=4383.98 Range=$218.70
2026-03-25 14:34:11,423 [INFO] ⏸ Asian range $218.70 too wide (max $200.0)
2026-03-25 14:34:56,939 [WARNING] News calendar fetch failed: 404 Client Error: Not Found for url: https://api.twelvedata.com/economic_calendar?apikey=7f583a715cb14117826f85541da23fdf&start_date=2026-03-25&end_date=2026-03-25&importance=high — trading allowed
2026-03-25 14:34:56,940 [INFO] 📰 News calendar refreshed — 0 events today
2026-03-25 14:35:13,327 [INFO] S1: Asian range built | High=4602.68 Low=4383.98 Range=$218.70
2026-03-25 14:35:13,328 [INFO] ⏸ Asian range $218.70 too wide (max $200.0)
2026-03-25 14:36:15,199 [INFO] S1: Asian range built | High=4602.68 Low=4383.98 Range=$218.70
2026-03-25 14:36:15,200 [INFO] ⏸ Asian range $218.70 too wide (max $200.0)
2026-03-25 14:37:17,099 [INFO] S1: Asian range built | High=4602.68 Low=4383.98 Range=$218.70
2026-03-25 14:37:17,099 [INFO] ⏸ Asian range $218.70 too wide (max $200.0)
2026-03-25 14:38:18,998 [INFO] S1: Asian range built | High=4602.68 Low=4383.98 Range=$218.70
2026-03-25 14:38:18,998 [INFO] ⏸ Asian range $218.70 too wide (max $200.0)
2026-03-25 14:39:20,870 [INFO] S1: Asian range built | High=4602.68 Low=4383.98 Range=$218.70
2026-03-25 14:39:20,870 [INFO] ⏸ Asian range $218.70 too wide (max $200.0)
2026-03-25 14:40:22,763 [INFO] S1: Asian range built | High=4602.68 Low=4383.98 Range=$218.70
2026-03-25 14:40:22,763 [INFO] ⏸ Asian range $218.70 too wide (max $200.0)
2026-03-25 14:41:24,713 [INFO] S1: Asian range built | High=4602.68 Low=4383.98 Range=$218.70
2026-03-25 14:41:24,713 [INFO] ⏸ Asian range $218.70 too wide (max $200.0)
2026-03-25 14:42:26,576 [INFO] S1: Asian range built | High=4602.68 Low=4383.98 Range=$218.70
2026-03-25 14:42:26,576 [INFO] ⏸ Asian range $218.70 too wide (max $200.0)
2026-03-25 14:43:28,448 [INFO] S1: Asian range built | High=4602.68 Low=4383.98 Range=$218.70
2026-03-25 14:43:28,448 [INFO] ⏸ Asian range $218.70 too wide (max $200.0)
2026-03-25 14:44:30,301 [INFO] S1: Asian range built | High=4602.68 Low=4383.98 Range=$218.70
2026-03-25 14:44:30,302 [INFO] ⏸ Asian range $218.70 too wide (max $200.0)
2026-03-25 14:45:32,195 [INFO] S1: Asian range built | High=4602.68 Low=4383.98 Range=$218.70
2026-03-25 14:45:32,195 [INFO] ⏸ Asian range $218.70 too wide (max $200.0)
2026-03-25 14:46:34,078 [INFO] S1: Asian range built | High=4602.68 Low=4383.98 Range=$218.70
2026-03-25 14:46:34,078 [INFO] ⏸ Asian range $218.70 too wide (max $200.0)
2026-03-25 14:47:35,963 [INFO] S1: Asian range built | High=4602.68 Low=4383.98 Range=$218.70
2026-03-25 14:47:35,963 [INFO] ⏸ Asian range $218.70 too wide (max $200.0)
2026-03-25 14:48:37,843 [INFO] S1: Asian range built | High=4602.68 Low=4383.98 Range=$218.70
2026-03-25 14:48:37,843 [INFO] ⏸ Asian range $218.70 too wide (max $200.0)
2026-03-25 14:49:39,789 [INFO] S1: Asian range built | High=4602.68 Low=4383.98 Range=$218.70
2026-03-25 14:49:39,789 [INFO] ⏸ Asian range $218.70 too wide (max $200.0)
2026-03-25 14:50:41,653 [INFO] S1: Asian range built | High=4602.68 Low=4383.98 Range=$218.70
2026-03-25 14:50:41,653 [INFO] ⏸ Asian range $218.70 too wide (max $200.0)
2026-03-25 14:51:43,522 [INFO] S1: Asian range built | High=4602.68 Low=4383.98 Range=$218.70
2026-03-25 14:51:43,523 [INFO] ⏸ Asian range $218.70 too wide (max $200.0)
2026-03-25 14:52:45,425 [INFO] S1: Asian range built | High=4602.68 Low=4383.98 Range=$218.70
2026-03-25 14:52:45,425 [INFO] ⏸ Asian range $218.70 too wide (max $200.0)
2026-03-25 14:53:47,299 [INFO] S1: Asian range built | High=4602.68 Low=4383.98 Range=$218.70
2026-03-25 14:53:47,299 [INFO] ⏸ Asian range $218.70 too wide (max $200.0)
2026-03-25 14:54:49,248 [INFO] S1: Asian range built | High=4602.68 Low=4383.98 Range=$218.70
2026-03-25 14:54:49,248 [INFO] ⏸ Asian range $218.70 too wide (max $200.0)
2026-03-25 14:55:51,142 [INFO] S1: Asian range built | High=4602.68 Low=4383.98 Range=$218.70
2026-03-25 14:55:51,142 [INFO] ⏸ Asian range $218.70 too wide (max $200.0)
2026-03-25 14:56:53,022 [INFO] S1: Asian range built | High=4602.68 Low=4383.98 Range=$218.70
2026-03-25 14:56:53,022 [INFO] ⏸ Asian range $218.70 too wide (max $200.0)
2026-03-25 14:57:54,900 [INFO] S1: Asian range built | High=4602.68 Low=4383.98 Range=$218.70
2026-03-25 14:57:54,900 [INFO] ⏸ Asian range $218.70 too wide (max $200.0)
2026-03-25 14:58:56,793 [INFO] S1: Asian range built | High=4602.68 Low=4383.98 Range=$218.70
2026-03-25 14:58:56,793 [INFO] ⏸ Asian range $218.70 too wide (max $200.0)
2026-03-25 14:59:58,659 [INFO] S1: Asian range built | High=4602.68 Low=4383.98 Range=$218.70
2026-03-25 14:59:58,659 [INFO] ⏸ Asian range $218.70 too wide (max $200.0)
2026-03-25 15:01:00,926 [INFO] S1: Asian range built | High=4602.68 Low=4383.98 Range=$218.70
2026-03-25 15:01:00,926 [INFO] ⏸ Asian range $218.70 too wide (max $200.0)
2026-03-25 15:02:02,861 [INFO] S1: Asian range built | High=4602.68 Low=4383.98 Range=$218.70
2026-03-25 15:02:02,861 [INFO] ⏸ Asian range $218.70 too wide (max $200.0)
2026-03-25 15:03:04,750 [INFO] S1: Asian range built | High=4602.68 Low=4383.98 Range=$218.70
2026-03-25 15:03:04,750 [INFO] ⏸ Asian range $218.70 too wide (max $200.0)
2026-03-25 15:04:06,668 [INFO] S1: Asian range built | High=4602.68 Low=4383.98 Range=$218.70
2026-03-25 15:04:06,669 [INFO] ⏸ Asian range $218.70 too wide (max $200.0)
2026-03-25 15:05:08,619 [INFO] S1: Asian range built | High=4602.68 Low=4383.98 Range=$218.70
2026-03-25 15:05:08,619 [INFO] ⏸ Asian range $218.70 too wide (max $200.0)
2026-03-25 15:06:10,495 [INFO] S1: Asian range built | High=4602.68 Low=4383.98 Range=$218.70
2026-03-25 15:06:10,495 [INFO] ⏸ Asian range $218.70 too wide (max $200.0)
2026-03-25 15:07:12,382 [INFO] S1: Asian range built | High=4602.68 Low=4383.98 Range=$218.70
2026-03-25 15:07:12,383 [INFO] ⏸ Asian range $218.70 too wide (max $200.0)
2026-03-25 15:08:14,259 [INFO] S1: Asian range built | High=4602.68 Low=4383.98 Range=$218.70
2026-03-25 15:08:14,260 [INFO] ⏸ Asian range $218.70 too wide (max $200.0)
2026-03-25 15:09:16,160 [INFO] S1: Asian range built | High=4602.68 Low=4383.98 Range=$218.70
2026-03-25 15:09:16,160 [INFO] ⏸ Asian range $218.70 too wide (max $200.0)
2026-03-25 15:10:18,042 [INFO] S1: Asian range built | High=4602.68 Low=4383.98 Range=$218.70
2026-03-25 15:10:18,042 [INFO] ⏸ Asian range $218.70 too wide (max $200.0)
2026-03-25 15:11:19,906 [INFO] S1: Asian range built | High=4602.68 Low=4383.98 Range=$218.70
2026-03-25 15:11:19,906 [INFO] ⏸ Asian range $218.70 too wide (max $200.0)
2026-03-25 15:12:21,796 [INFO] S1: Asian range built | High=4602.68 Low=4383.98 Range=$218.70
2026-03-25 15:12:21,796 [INFO] ⏸ Asian range $218.70 too wide (max $200.0)
2026-03-25 15:13:23,668 [INFO] S1: Asian range built | High=4602.68 Low=4383.98 Range=$218.70
2026-03-25 15:13:23,668 [INFO] ⏸ Asian range $218.70 too wide (max $200.0)
2026-03-25 15:14:25,546 [INFO] S1: Asian range built | High=4602.68 Low=4383.98 Range=$218.70
2026-03-25 15:14:25,546 [INFO] ⏸ Asian range $218.70 too wide (max $200.0)
2026-03-25 15:15:27,520 [INFO] S1: Asian range built | High=4602.68 Low=4383.98 Range=$218.70
2026-03-25 15:15:27,521 [INFO] ⏸ Asian range $218.70 too wide (max $200.0)
2026-03-25 15:16:29,423 [INFO] S1: Asian range built | High=4602.68 Low=4383.98 Range=$218.70
2026-03-25 15:16:29,424 [INFO] ⏸ Asian range $218.70 too wide (max $200.0)
2026-03-25 15:17:31,337 [INFO] S1: Asian range built | High=4602.68 Low=4383.98 Range=$218.70
2026-03-25 15:17:31,337 [INFO] ⏸ Asian range $218.70 too wide (max $200.0)
2026-03-25 15:18:33,351 [INFO] S1: Asian range built | High=4602.68 Low=4383.98 Range=$218.70
2026-03-25 15:18:33,351 [INFO] ⏸ Asian range $218.70 too wide (max $200.0)
2026-03-25 15:19:35,230 [INFO] S1: Asian range built | High=4602.68 Low=4383.98 Range=$218.70
2026-03-25 15:19:35,231 [INFO] ⏸ Asian range $218.70 too wide (max $200.0)
2026-03-25 15:20:37,134 [INFO] S1: Asian range built | High=4602.68 Low=4383.98 Range=$218.70
2026-03-25 15:20:37,135 [INFO] ⏸ Asian range $218.70 too wide (max $200.0)
2026-03-25 15:21:38,998 [INFO] S1: Asian range built | High=4602.68 Low=4383.98 Range=$218.70
2026-03-25 15:21:38,998 [INFO] ⏸ Asian range $218.70 too wide (max $200.0)
2026-03-25 15:22:40,884 [INFO] S1: Asian range built | High=4602.68 Low=4383.98 Range=$218.70
2026-03-25 15:22:40,884 [INFO] ⏸ Asian range $218.70 too wide (max $200.0)
2026-03-25 15:23:42,760 [INFO] S1: Asian range built | High=4602.68 Low=4383.98 Range=$218.70
2026-03-25 15:23:42,761 [INFO] ⏸ Asian range $218.70 too wide (max $200.0)
2026-03-25 15:24:44,634 [INFO] S1: Asian range built | High=4602.68 Low=4383.98 Range=$218.70
2026-03-25 15:24:44,635 [INFO] ⏸ Asian range $218.70 too wide (max $200.0)
2026-03-25 15:25:46,506 [INFO] S1: Asian range built | High=4602.68 Low=4383.98 Range=$218.70
2026-03-25 15:25:46,507 [INFO] ⏸ Asian range $218.70 too wide (max $200.0)
2026-03-25 15:26:48,448 [INFO] S1: Asian range built | High=4602.68 Low=4383.98 Range=$218.70
2026-03-25 15:26:48,449 [INFO] ⏸ Asian range $218.70 too wide (max $200.0)
2026-03-25 15:27:50,308 [INFO] S1: Asian range built | High=4602.68 Low=4383.98 Range=$218.70
2026-03-25 15:27:50,308 [INFO] ⏸ Asian range $218.70 too wide (max $200.0)
2026-03-25 15:28:52,169 [INFO] S1: Asian range built | High=4602.68 Low=4383.98 Range=$218.70
2026-03-25 15:28:52,169 [INFO] ⏸ Asian range $218.70 too wide (max $200.0)
2026-03-25 15:29:54,092 [INFO] S1: Asian range built | High=4602.68 Low=4383.98 Range=$218.70
2026-03-25 15:29:54,092 [INFO] ⏸ Asian range $218.70 too wide (max $200.0)
2026-03-25 15:30:55,958 [INFO] S1: Asian range built | High=4602.68 Low=4383.98 Range=$218.70
2026-03-25 15:30:55,959 [INFO] ⏸ Asian range $218.70 too wide (max $200.0)
2026-03-25 15:31:57,816 [INFO] S1: Asian range built | High=4602.68 Low=4383.98 Range=$218.70
2026-03-25 15:31:57,817 [INFO] ⏸ Asian range $218.70 too wide (max $200.0)
2026-03-25 15:32:59,695 [INFO] S1: Asian range built | High=4602.68 Low=4383.98 Range=$218.70
2026-03-25 15:32:59,696 [INFO] ⏸ Asian range $218.70 too wide (max $200.0)
2026-03-25 15:34:01,556 [INFO] S1: Asian range built | High=4602.68 Low=4383.98 Range=$218.70
2026-03-25 15:34:01,557 [INFO] ⏸ Asian range $218.70 too wide (max $200.0)
2026-03-25 15:34:56,982 [WARNING] News calendar fetch failed: 404 Client Error: Not Found for url: https://api.twelvedata.com/economic_calendar?apikey=7f583a715cb14117826f85541da23fdf&start_date=2026-03-25&end_date=2026-03-25&importance=high — trading allowed
2026-03-25 15:34:56,983 [INFO] 📰 News calendar refreshed — 0 events today
2026-03-25 15:35:03,423 [INFO] S1: Asian range built | High=4602.68 Low=4383.98 Range=$218.70
2026-03-25 15:35:03,423 [INFO] ⏸ Asian range $218.70 too wide (max $200.0)
2026-03-25 15:36:05,303 [INFO] S1: Asian range built | High=4602.68 Low=4383.98 Range=$218.70
2026-03-25 15:36:05,304 [INFO] ⏸ Asian range $218.70 too wide (max $200.0)
2026-03-25 15:37:07,318 [INFO] S1: Asian range built | High=4602.68 Low=4383.98 Range=$218.70
2026-03-25 15:37:07,319 [INFO] ⏸ Asian range $218.70 too wide (max $200.0)
2026-03-25 15:38:09,345 [INFO] S1: Asian range built | High=4602.68 Low=4383.98 Range=$218.70
2026-03-25 15:38:09,345 [INFO] ⏸ Asian range $218.70 too wide (max $200.0)
2026-03-25 15:39:11,224 [INFO] S1: Asian range built | High=4602.68 Low=4383.98 Range=$218.70
2026-03-25 15:39:11,224 [INFO] ⏸ Asian range $218.70 too wide (max $200.0)
2026-03-25 15:40:13,126 [INFO] S1: Asian range built | High=4602.68 Low=4383.98 Range=$218.70
2026-03-25 15:40:13,126 [INFO] ⏸ Asian range $218.70 too wide (max $200.0)
2026-03-25 15:41:14,999 [INFO] S1: Asian range built | High=4602.68 Low=4383.98 Range=$218.70
2026-03-25 15:41:14,999 [INFO] ⏸ Asian range $218.70 too wide (max $200.0)
2026-03-25 15:42:16,864 [INFO] S1: Asian range built | High=4602.68 Low=4383.98 Range=$218.70
2026-03-25 15:42:16,864 [INFO] ⏸ Asian range $218.70 too wide (max $200.0)
2026-03-25 15:43:18,766 [INFO] S1: Asian range built | High=4602.68 Low=4383.98 Range=$218.70
2026-03-25 15:43:18,766 [INFO] ⏸ Asian range $218.70 too wide (max $200.0)
2026-03-25 15:44:20,667 [INFO] S1: Asian range built | High=4602.68 Low=4383.98 Range=$218.70
2026-03-25 15:44:20,668 [INFO] ⏸ Asian range $218.70 too wide (max $200.0)
2026-03-25 15:45:22,555 [INFO] S1: Asian range built | High=4602.68 Low=4383.98 Range=$218.70
2026-03-25 15:45:22,555 [INFO] ⏸ Asian range $218.70 too wide (max $200.0)
2026-03-25 15:46:24,480 [INFO] S1: Asian range built | High=4602.68 Low=4383.98 Range=$218.70
2026-03-25 15:46:24,480 [INFO] ⏸ Asian range $218.70 too wide (max $200.0)
2026-03-25 15:47:26,405 [INFO] S1: Asian range built | High=4602.68 Low=4383.98 Range=$218.70
2026-03-25 15:47:26,406 [INFO] ⏸ Asian range $218.70 too wide (max $200.0)
2026-03-25 15:48:28,355 [INFO] S1: Asian range built | High=4602.68 Low=4383.98 Range=$218.70
2026-03-25 15:48:28,356 [INFO] ⏸ Asian range $218.70 too wide (max $200.0)
2026-03-25 15:49:30,209 [INFO] S1: Asian range built | High=4602.68 Low=4383.98 Range=$218.70
2026-03-25 15:49:30,210 [INFO] ⏸ Asian range $218.70 too wide (max $200.0)
2026-03-25 15:50:32,046 [INFO] S1: Asian range built | High=4602.68 Low=4383.98 Range=$218.70
2026-03-25 15:50:32,046 [INFO] ⏸ Asian range $218.70 too wide (max $200.0)
2026-03-25 15:51:33,925 [INFO] S1: Asian range built | High=4602.68 Low=4383.98 Range=$218.70
2026-03-25 15:51:33,925 [INFO] ⏸ Asian range $218.70 too wide (max $200.0)
2026-03-25 15:52:35,790 [INFO] S1: Asian range built | High=4602.68 Low=4383.98 Range=$218.70
2026-03-25 15:52:35,790 [INFO] ⏸ Asian range $218.70 too wide (max $200.0)
2026-03-25 15:53:37,717 [INFO] S1: Asian range built | High=4602.68 Low=4383.98 Range=$218.70
2026-03-25 15:53:37,718 [INFO] ⏸ Asian range $218.70 too wide (max $200.0)
2026-03-25 15:54:39,622 [INFO] S1: Asian range built | High=4602.68 Low=4383.98 Range=$218.70
2026-03-25 15:54:39,622 [INFO] ⏸ Asian range $218.70 too wide (max $200.0)
2026-03-25 15:55:41,513 [INFO] S1: Asian range built | High=4602.68 Low=4383.98 Range=$218.70
2026-03-25 15:55:41,513 [INFO] ⏸ Asian range $218.70 too wide (max $200.0)
2026-03-25 15:56:43,380 [INFO] S1: Asian range built | High=4602.68 Low=4383.98 Range=$218.70
2026-03-25 15:56:43,380 [INFO] ⏸ Asian range $218.70 too wide (max $200.0)
2026-03-25 15:57:45,317 [INFO] S1: Asian range built | High=4602.68 Low=4383.98 Range=$218.70
2026-03-25 15:57:45,317 [INFO] ⏸ Asian range $218.70 too wide (max $200.0)
2026-03-25 15:58:47,183 [INFO] S1: Asian range built | High=4602.68 Low=4383.98 Range=$218.70
2026-03-25 15:58:47,183 [INFO] ⏸ Asian range $218.70 too wide (max $200.0)
2026-03-25 15:59:49,079 [INFO] S1: Asian range built | High=4602.68 Low=4383.98 Range=$218.70
2026-03-25 15:59:49,080 [INFO] ⏸ Asian range $218.70 too wide (max $200.0)
2026-03-25 16:00:50,935 [INFO] S1: Asian range built | High=4602.68 Low=4383.98 Range=$218.70
2026-03-25 16:00:50,936 [INFO] ⏸ Asian range $218.70 too wide (max $200.0)
2026-03-25 16:01:52,821 [INFO] S1: Asian range built | High=4602.68 Low=4383.98 Range=$218.70
2026-03-25 16:01:52,822 [INFO] ⏸ Asian range $218.70 too wide (max $200.0)
2026-03-25 16:02:54,705 [INFO] S1: Asian range built | High=4602.68 Low=4383.98 Range=$218.70
2026-03-25 16:02:54,705 [INFO] ⏸ Asian range $218.70 too wide (max $200.0)
2026-03-25 16:03:49,874 [INFO] 🔄 Session expiring — refreshing...
2026-03-25 16:03:50,289 [INFO] ✅ Capital.com session created
2026-03-25 16:03:56,717 [INFO] S1: Asian range built | High=4602.68 Low=4383.98 Range=$218.70
2026-03-25 16:03:56,717 [INFO] ⏸ Asian range $218.70 too wide (max $200.0)
2026-03-25 16:04:58,625 [INFO] S1: Asian range built | High=4602.68 Low=4383.98 Range=$218.70
2026-03-25 16:04:58,625 [INFO] ⏸ Asian range $218.70 too wide (max $200.0)
2026-03-25 16:06:00,497 [INFO] S1: Asian range built | High=4602.68 Low=4383.98 Range=$218.70
2026-03-25 16:06:00,497 [INFO] ⏸ Asian range $218.70 too wide (max $200.0)
2026-03-25 16:07:02,405 [INFO] S1: Asian range built | High=4602.68 Low=4383.98 Range=$218.70
2026-03-25 16:07:02,406 [INFO] ⏸ Asian range $218.70 too wide (max $200.0)
2026-03-25 16:08:04,302 [INFO] S1: Asian range built | High=4602.68 Low=4383.98 Range=$218.70
2026-03-25 16:08:04,302 [INFO] ⏸ Asian range $218.70 too wide (max $200.0)
2026-03-25 16:09:06,243 [INFO] S1: Asian range built | High=4602.68 Low=4383.98 Range=$218.70
2026-03-25 16:09:06,243 [INFO] ⏸ Asian range $218.70 too wide (max $200.0)
2026-03-25 16:10:08,091 [INFO] S1: Asian range built | High=4602.68 Low=4383.98 Range=$218.70
2026-03-25 16:10:08,092 [INFO] ⏸ Asian range $218.70 too wide (max $200.0)
2026-03-25 16:11:09,961 [INFO] S1: Asian range built | High=4602.68 Low=4383.98 Range=$218.70
2026-03-25 16:11:09,961 [INFO] ⏸ Asian range $218.70 too wide (max $200.0)
2026-03-25 16:12:11,819 [INFO] S1: Asian range built | High=4602.68 Low=4383.98 Range=$218.70
2026-03-25 16:12:11,820 [INFO] ⏸ Asian range $218.70 too wide (max $200.0)
2026-03-25 16:13:13,698 [INFO] S1: Asian range built | High=4602.68 Low=4383.98 Range=$218.70
2026-03-25 16:13:13,698 [INFO] ⏸ Asian range $218.70 too wide (max $200.0)
2026-03-25 16:14:15,540 [INFO] S1: Asian range built | High=4602.68 Low=4383.98 Range=$218.70
2026-03-25 16:14:15,540 [INFO] ⏸ Asian range $218.70 too wide (max $200.0)
2026-03-25 16:15:17,424 [INFO] S1: Asian range built | High=4602.68 Low=4383.98 Range=$218.70
2026-03-25 16:15:17,425 [INFO] ⏸ Asian range $218.70 too wide (max $200.0)
2026-03-25 16:16:19,303 [INFO] S1: Asian range built | High=4602.68 Low=4383.98 Range=$218.70
2026-03-25 16:16:19,303 [INFO] ⏸ Asian range $218.70 too wide (max $200.0)
2026-03-25 16:17:21,200 [INFO] S1: Asian range built | High=4602.68 Low=4383.98 Range=$218.70
2026-03-25 16:17:21,200 [INFO] ⏸ Asian range $218.70 too wide (max $200.0)
2026-03-25 16:18:23,081 [INFO] S1: Asian range built | High=4602.68 Low=4383.98 Range=$218.70
2026-03-25 16:18:23,081 [INFO] ⏸ Asian range $218.70 too wide (max $200.0)
2026-03-25 16:19:24,958 [INFO] S1: Asian range built | High=4602.68 Low=4383.98 Range=$218.70
2026-03-25 16:19:24,959 [INFO] ⏸ Asian range $218.70 too wide (max $200.0)
2026-03-25 16:20:26,909 [INFO] S1: Asian range built | High=4602.68 Low=4383.98 Range=$218.70
2026-03-25 16:20:26,910 [INFO] ⏸ Asian range $218.70 too wide (max $200.0)
2026-03-25 16:21:28,797 [INFO] S1: Asian range built | High=4602.68 Low=4383.98 Range=$218.70
2026-03-25 16:21:28,797 [INFO] ⏸ Asian range $218.70 too wide (max $200.0)
2026-03-25 16:22:30,691 [INFO] S1: Asian range built | High=4602.68 Low=4383.98 Range=$218.70
2026-03-25 16:22:30,691 [INFO] ⏸ Asian range $218.70 too wide (max $200.0)
2026-03-25 16:23:32,634 [INFO] S1: Asian range built | High=4602.68 Low=4383.98 Range=$218.70
2026-03-25 16:23:32,635 [INFO] ⏸ Asian range $218.70 too wide (max $200.0)
2026-03-25 16:24:34,650 [INFO] S1: Asian range built | High=4602.68 Low=4383.98 Range=$218.70
2026-03-25 16:24:34,650 [INFO] ⏸ Asian range $218.70 too wide (max $200.0)
